#
# There is insufficient memory for the Java Runtime Environment to continue.
# Native memory allocation (mmap) failed to map 65536 bytes for Failed to commit metaspace.
# Possible reasons:
#   The system is out of physical RAM or swap space
#   The process is running with CompressedOops enabled, and the Java Heap may be blocking the growth of the native heap
# Possible solutions:
#   Reduce memory load on the system
#   Increase physical memory or swap space
#   Check if swap backing store is full
#   Decrease Java heap size (-Xmx/-Xms)
#   Decrease number of Java threads
#   Decrease Java thread stack sizes (-Xss)
#   Set larger code cache with -XX:ReservedCodeCacheSize=
#   JVM is running with Zero Based Compressed Oops mode in which the Java heap is
#     placed in the first 32GB address space. The Java Heap base address is the
#     maximum limit for the native heap growth. Please use -XX:HeapBaseMinAddress
#     to set the Java Heap base and to place the Java Heap above 32GB virtual address.
# This output file may be truncated or incomplete.
#
#  Out of Memory Error (virtualSpaceNode.cpp:110), pid=19076, tid=7708
#
# JRE version: OpenJDK Runtime Environment JBR-17.0.8.1+7-1000.32-jcef (17.0.8.1+7) (build 17.0.8.1+7-b1000.32)
# Java VM: OpenJDK 64-Bit Server VM JBR-17.0.8.1+7-1000.32-jcef (17.0.8.1+7-b1000.32, mixed mode, tiered, compressed oops, compressed class ptrs, g1 gc, windows-amd64)
# No core dump will be written. Minidumps are not enabled by default on client versions of Windows
#

---------------  S U M M A R Y ------------

Command Line: git4idea.http.GitAskPassApp Username for 'https://github.com': 

Host: Intel(R) Core(TM) i5-3570 CPU @ 3.40GHz, 4 cores, 11G,  Windows 10 , 64 bit Build 19041 (10.0.19041.3031)
Time: Thu Nov  9 16:00:46 2023 ora solare Europa occidentale elapsed time: 0.790812 seconds (0d 0h 0m 0s)

---------------  T H R E A D  ---------------

Current thread (0x000001dd76370370):  JavaThread "HttpClient-1-Worker-0" daemon [_thread_in_vm, id=7708, stack(0x0000006476d00000,0x0000006476e00000)]

Stack: [0x0000006476d00000,0x0000006476e00000]
Native frames: (J=compiled Java code, j=interpreted, Vv=VM code, C=native code)
V  [jvm.dll+0x6852da]
V  [jvm.dll+0x844c84]
V  [jvm.dll+0x84659e]
V  [jvm.dll+0x846c03]
V  [jvm.dll+0x24b7cf]
V  [jvm.dll+0x84003b]
V  [jvm.dll+0x6296c6]
V  [jvm.dll+0x62972a]
V  [jvm.dll+0x62bf4a]
V  [jvm.dll+0x62a066]
V  [jvm.dll+0x63aee9]
V  [jvm.dll+0x634214]
V  [jvm.dll+0x387751]
C  0x000001dd600dc711

Java frames: (J=compiled Java code, j=interpreted, Vv=VM code)
j  com.sun.crypto.provider.GaloisCounterMode.engineInit(ILjava/security/Key;Ljava/security/spec/AlgorithmParameterSpec;Ljava/security/SecureRandom;)V+0 java.base@17.0.8.1
j  javax.crypto.Cipher.implInit(Ljavax/crypto/CipherSpi;IILjava/security/Key;Ljava/security/spec/AlgorithmParameterSpec;Ljava/security/AlgorithmParameters;Ljava/security/SecureRandom;)V+68 java.base@17.0.8.1
j  javax.crypto.Cipher.chooseProvider(IILjava/security/Key;Ljava/security/spec/AlgorithmParameterSpec;Ljava/security/AlgorithmParameters;Ljava/security/SecureRandom;)V+204 java.base@17.0.8.1
j  javax.crypto.Cipher.init(ILjava/security/Key;Ljava/security/spec/AlgorithmParameterSpec;Ljava/security/SecureRandom;)V+49 java.base@17.0.8.1
j  sun.security.ssl.SSLCipher$T13GcmReadCipherGenerator$GcmReadCipher.decrypt(BLjava/nio/ByteBuffer;[B)Lsun/security/ssl/Plaintext;+202 java.base@17.0.8.1
j  sun.security.ssl.SSLEngineInputRecord.decodeInputRecord(Ljava/nio/ByteBuffer;)[Lsun/security/ssl/Plaintext;+174 java.base@17.0.8.1
j  sun.security.ssl.SSLEngineInputRecord.decode(Ljava/nio/ByteBuffer;)[Lsun/security/ssl/Plaintext;+87 java.base@17.0.8.1
j  sun.security.ssl.SSLEngineInputRecord.decode([Ljava/nio/ByteBuffer;II)[Lsun/security/ssl/Plaintext;+27 java.base@17.0.8.1
j  sun.security.ssl.SSLTransport.decode(Lsun/security/ssl/TransportContext;[Ljava/nio/ByteBuffer;II[Ljava/nio/ByteBuffer;II)Lsun/security/ssl/Plaintext;+7 java.base@17.0.8.1
j  sun.security.ssl.SSLEngineImpl.decode([Ljava/nio/ByteBuffer;II[Ljava/nio/ByteBuffer;II)Lsun/security/ssl/Plaintext;+13 java.base@17.0.8.1
j  sun.security.ssl.SSLEngineImpl.readRecord([Ljava/nio/ByteBuffer;II[Ljava/nio/ByteBuffer;II)Ljavax/net/ssl/SSLEngineResult;+701 java.base@17.0.8.1
j  sun.security.ssl.SSLEngineImpl.unwrap([Ljava/nio/ByteBuffer;II[Ljava/nio/ByteBuffer;II)Ljavax/net/ssl/SSLEngineResult;+53 java.base@17.0.8.1
j  sun.security.ssl.SSLEngineImpl.unwrap(Ljava/nio/ByteBuffer;[Ljava/nio/ByteBuffer;II)Ljavax/net/ssl/SSLEngineResult;+15 java.base@17.0.8.1
j  javax.net.ssl.SSLEngine.unwrap(Ljava/nio/ByteBuffer;Ljava/nio/ByteBuffer;)Ljavax/net/ssl/SSLEngineResult;+12 java.base@17.0.8.1
j  jdk.internal.net.http.common.SSLFlowDelegate$Reader.unwrapBuffer(Ljava/nio/ByteBuffer;)Ljdk/internal/net/http/common/SSLFlowDelegate$EngineResult;+22 java.net.http@17.0.8.1
j  jdk.internal.net.http.common.SSLFlowDelegate$Reader.processData()V+147 java.net.http@17.0.8.1
j  jdk.internal.net.http.common.SSLFlowDelegate$Reader$ReaderDownstreamPusher.run()V+4 java.net.http@17.0.8.1
j  jdk.internal.net.http.common.SequentialScheduler$LockingRestartableTask.run()V+34 java.net.http@17.0.8.1
j  jdk.internal.net.http.common.SequentialScheduler$CompleteRestartableTask.run(Ljdk/internal/net/http/common/SequentialScheduler$DeferredCompleter;)V+1 java.net.http@17.0.8.1
j  jdk.internal.net.http.common.SequentialScheduler$TryEndDeferredCompleter.complete()V+162 java.net.http@17.0.8.1
j  jdk.internal.net.http.common.SequentialScheduler$CompleteRestartableTask.run(Ljdk/internal/net/http/common/SequentialScheduler$DeferredCompleter;)V+5 java.net.http@17.0.8.1
j  jdk.internal.net.http.common.SequentialScheduler$SchedulableTask.run()V+14 java.net.http@17.0.8.1
j  java.util.concurrent.ThreadPoolExecutor.runWorker(Ljava/util/concurrent/ThreadPoolExecutor$Worker;)V+92 java.base@17.0.8.1
j  java.util.concurrent.ThreadPoolExecutor$Worker.run()V+5 java.base@17.0.8.1
j  java.lang.Thread.run()V+11 java.base@17.0.8.1
v  ~StubRoutines::call_stub

---------------  P R O C E S S  ---------------

Threads class SMR info:
_java_thread_list=0x000001dd760982e0, length=15, elements={
0x000001dd5542a500, 0x000001dd7126f790, 0x000001dd71270520, 0x000001dd7127e590,
0x000001dd713bcfc0, 0x000001dd713f3010, 0x000001dd713f38e0, 0x000001dd713f7760,
0x000001dd713f8520, 0x000001dd71416430, 0x000001dd71589200, 0x000001dd7159d9e0,
0x000001dd762d57e0, 0x000001dd76370370, 0x000001dd763b7480
}

Java Threads: ( => current thread )
  0x000001dd5542a500 JavaThread "main" [_thread_blocked, id=17884, stack(0x0000006475800000,0x0000006475900000)]
  0x000001dd7126f790 JavaThread "Reference Handler" daemon [_thread_blocked, id=17720, stack(0x0000006475f00000,0x0000006476000000)]
  0x000001dd71270520 JavaThread "Finalizer" daemon [_thread_blocked, id=20912, stack(0x0000006476000000,0x0000006476100000)]
  0x000001dd7127e590 JavaThread "Signal Dispatcher" daemon [_thread_blocked, id=10500, stack(0x0000006476100000,0x0000006476200000)]
  0x000001dd713bcfc0 JavaThread "Attach Listener" daemon [_thread_blocked, id=17424, stack(0x0000006476200000,0x0000006476300000)]
  0x000001dd713f3010 JavaThread "Service Thread" daemon [_thread_blocked, id=10896, stack(0x0000006476300000,0x0000006476400000)]
  0x000001dd713f38e0 JavaThread "Monitor Deflation Thread" daemon [_thread_blocked, id=14476, stack(0x0000006476400000,0x0000006476500000)]
  0x000001dd713f7760 JavaThread "C2 CompilerThread0" daemon [_thread_blocked, id=3324, stack(0x0000006476500000,0x0000006476600000)]
  0x000001dd713f8520 JavaThread "C1 CompilerThread0" daemon [_thread_blocked, id=16252, stack(0x0000006476600000,0x0000006476700000)]
  0x000001dd71416430 JavaThread "Sweeper thread" daemon [_thread_blocked, id=19252, stack(0x0000006476700000,0x0000006476800000)]
  0x000001dd71589200 JavaThread "Notification Thread" daemon [_thread_blocked, id=3908, stack(0x0000006476800000,0x0000006476900000)]
  0x000001dd7159d9e0 JavaThread "Common-Cleaner" daemon [_thread_blocked, id=19796, stack(0x0000006476a00000,0x0000006476b00000)]
  0x000001dd762d57e0 JavaThread "HttpClient-1-SelectorManager" daemon [_thread_in_native, id=1104, stack(0x0000006476b00000,0x0000006476c00000)]
=>0x000001dd76370370 JavaThread "HttpClient-1-Worker-0" daemon [_thread_in_vm, id=7708, stack(0x0000006476d00000,0x0000006476e00000)]
  0x000001dd763b7480 JavaThread "HttpClient-1-Worker-1" daemon [_thread_blocked, id=17844, stack(0x0000006476e00000,0x0000006476f00000)]

Other Threads:
  0x000001dd7126bb50 VMThread "VM Thread" [stack: 0x0000006475e00000,0x0000006475f00000] [id=13524]
  0x000001dd7158d6f0 WatcherThread [stack: 0x0000006476900000,0x0000006476a00000] [id=1976]
  0x000001dd554811b0 GCTaskThread "GC Thread#0" [stack: 0x0000006475900000,0x0000006475a00000] [id=17796]
  0x000001dd763ee0e0 GCTaskThread "GC Thread#1" [stack: 0x0000006476f00000,0x0000006477000000] [id=8628]
  0x000001dd763ee3a0 GCTaskThread "GC Thread#2" [stack: 0x0000006477000000,0x0000006477100000] [id=716]
  0x000001dd763ee660 GCTaskThread "GC Thread#3" [stack: 0x0000006477100000,0x0000006477200000] [id=16812]
  0x000001dd5548df50 ConcurrentGCThread "G1 Main Marker" [stack: 0x0000006475a00000,0x0000006475b00000] [id=9476]
  0x000001dd55490020 ConcurrentGCThread "G1 Conc#0" [stack: 0x0000006475b00000,0x0000006475c00000] [id=7936]
  0x000001dd554edfd0 ConcurrentGCThread "G1 Refine#0" [stack: 0x0000006475c00000,0x0000006475d00000] [id=10584]
  0x000001dd554ee910 ConcurrentGCThread "G1 Service" [stack: 0x0000006475d00000,0x0000006475e00000] [id=19888]

Threads with active compile tasks:

VM state: not at safepoint (normal execution)

VM Mutex/Monitor currently owned by a thread:  ([mutex/lock_event])
[0x000001dd55422ea0] Metaspace_lock - owner thread: 0x000001dd76370370

Heap address: 0x0000000740c00000, size: 3060 MB, Compressed Oops mode: Zero based, Oop shift amount: 3

CDS archive(s) not mapped
Compressed class space mapped at: 0x0000000800000000-0x0000000840000000, reserved size: 1073741824
Narrow klass base: 0x0000000800000000, Narrow klass shift: 0, Narrow klass range: 0x40000000

GC Precious Log:
 CPUs: 4 total, 4 available
 Memory: 12232M
 Large Page Support: Disabled
 NUMA Support: Disabled
 Compressed Oops: Enabled (Zero based)
 Heap Region Size: 2M
 Heap Min Capacity: 8M
 Heap Initial Capacity: 192M
 Heap Max Capacity: 3060M
 Pre-touch: Disabled
 Parallel Workers: 4
 Concurrent Workers: 1
 Concurrent Refinement Workers: 4
 Periodic GC: Disabled

Heap:
 garbage-first heap   total 196608K, used 2228K [0x0000000740c00000, 0x0000000800000000)
  region size 2048K, 2 young (4096K), 1 survivors (2048K)
 Metaspace       used 15615K, committed 15808K, reserved 1114112K
  class space    used 1639K, committed 1728K, reserved 1048576K

Heap Regions: E=young(eden), S=young(survivor), O=old, HS=humongous(starts), HC=humongous(continues), CS=collection set, F=free, OA=open archive, CA=closed archive, TAMS=top-at-mark-start (previous, next)
|   0|0x0000000740c00000, 0x0000000740c2d200, 0x0000000740e00000|  8%| O|  |TAMS 0x0000000740c00000, 0x0000000740c00000| Untracked 
|   1|0x0000000740e00000, 0x0000000740e00000, 0x0000000741000000|  0%| F|  |TAMS 0x0000000740e00000, 0x0000000740e00000| Untracked 
|   2|0x0000000741000000, 0x0000000741000000, 0x0000000741200000|  0%| F|  |TAMS 0x0000000741000000, 0x0000000741000000| Untracked 
|   3|0x0000000741200000, 0x0000000741200000, 0x0000000741400000|  0%| F|  |TAMS 0x0000000741200000, 0x0000000741200000| Untracked 
|   4|0x0000000741400000, 0x0000000741400000, 0x0000000741600000|  0%| F|  |TAMS 0x0000000741400000, 0x0000000741400000| Untracked 
|   5|0x0000000741600000, 0x0000000741600000, 0x0000000741800000|  0%| F|  |TAMS 0x0000000741600000, 0x0000000741600000| Untracked 
|   6|0x0000000741800000, 0x0000000741800000, 0x0000000741a00000|  0%| F|  |TAMS 0x0000000741800000, 0x0000000741800000| Untracked 
|   7|0x0000000741a00000, 0x0000000741a00000, 0x0000000741c00000|  0%| F|  |TAMS 0x0000000741a00000, 0x0000000741a00000| Untracked 
|   8|0x0000000741c00000, 0x0000000741c00000, 0x0000000741e00000|  0%| F|  |TAMS 0x0000000741c00000, 0x0000000741c00000| Untracked 
|   9|0x0000000741e00000, 0x0000000741e00000, 0x0000000742000000|  0%| F|  |TAMS 0x0000000741e00000, 0x0000000741e00000| Untracked 
|  10|0x0000000742000000, 0x0000000742000000, 0x0000000742200000|  0%| F|  |TAMS 0x0000000742000000, 0x0000000742000000| Untracked 
|  11|0x0000000742200000, 0x0000000742200000, 0x0000000742400000|  0%| F|  |TAMS 0x0000000742200000, 0x0000000742200000| Untracked 
|  12|0x0000000742400000, 0x0000000742400000, 0x0000000742600000|  0%| F|  |TAMS 0x0000000742400000, 0x0000000742400000| Untracked 
|  13|0x0000000742600000, 0x0000000742600000, 0x0000000742800000|  0%| F|  |TAMS 0x0000000742600000, 0x0000000742600000| Untracked 
|  14|0x0000000742800000, 0x0000000742800000, 0x0000000742a00000|  0%| F|  |TAMS 0x0000000742800000, 0x0000000742800000| Untracked 
|  15|0x0000000742a00000, 0x0000000742a00000, 0x0000000742c00000|  0%| F|  |TAMS 0x0000000742a00000, 0x0000000742a00000| Untracked 
|  16|0x0000000742c00000, 0x0000000742c00000, 0x0000000742e00000|  0%| F|  |TAMS 0x0000000742c00000, 0x0000000742c00000| Untracked 
|  17|0x0000000742e00000, 0x0000000742e00000, 0x0000000743000000|  0%| F|  |TAMS 0x0000000742e00000, 0x0000000742e00000| Untracked 
|  18|0x0000000743000000, 0x0000000743000000, 0x0000000743200000|  0%| F|  |TAMS 0x0000000743000000, 0x0000000743000000| Untracked 
|  19|0x0000000743200000, 0x0000000743200000, 0x0000000743400000|  0%| F|  |TAMS 0x0000000743200000, 0x0000000743200000| Untracked 
|  20|0x0000000743400000, 0x0000000743400000, 0x0000000743600000|  0%| F|  |TAMS 0x0000000743400000, 0x0000000743400000| Untracked 
|  21|0x0000000743600000, 0x0000000743600000, 0x0000000743800000|  0%| F|  |TAMS 0x0000000743600000, 0x0000000743600000| Untracked 
|  22|0x0000000743800000, 0x0000000743800000, 0x0000000743a00000|  0%| F|  |TAMS 0x0000000743800000, 0x0000000743800000| Untracked 
|  23|0x0000000743a00000, 0x0000000743a00000, 0x0000000743c00000|  0%| F|  |TAMS 0x0000000743a00000, 0x0000000743a00000| Untracked 
|  24|0x0000000743c00000, 0x0000000743c00000, 0x0000000743e00000|  0%| F|  |TAMS 0x0000000743c00000, 0x0000000743c00000| Untracked 
|  25|0x0000000743e00000, 0x0000000743e00000, 0x0000000744000000|  0%| F|  |TAMS 0x0000000743e00000, 0x0000000743e00000| Untracked 
|  26|0x0000000744000000, 0x0000000744000000, 0x0000000744200000|  0%| F|  |TAMS 0x0000000744000000, 0x0000000744000000| Untracked 
|  27|0x0000000744200000, 0x0000000744200000, 0x0000000744400000|  0%| F|  |TAMS 0x0000000744200000, 0x0000000744200000| Untracked 
|  28|0x0000000744400000, 0x0000000744400000, 0x0000000744600000|  0%| F|  |TAMS 0x0000000744400000, 0x0000000744400000| Untracked 
|  29|0x0000000744600000, 0x0000000744600000, 0x0000000744800000|  0%| F|  |TAMS 0x0000000744600000, 0x0000000744600000| Untracked 
|  30|0x0000000744800000, 0x0000000744800000, 0x0000000744a00000|  0%| F|  |TAMS 0x0000000744800000, 0x0000000744800000| Untracked 
|  31|0x0000000744a00000, 0x0000000744a00000, 0x0000000744c00000|  0%| F|  |TAMS 0x0000000744a00000, 0x0000000744a00000| Untracked 
|  32|0x0000000744c00000, 0x0000000744c00000, 0x0000000744e00000|  0%| F|  |TAMS 0x0000000744c00000, 0x0000000744c00000| Untracked 
|  33|0x0000000744e00000, 0x0000000744e00000, 0x0000000745000000|  0%| F|  |TAMS 0x0000000744e00000, 0x0000000744e00000| Untracked 
|  34|0x0000000745000000, 0x0000000745000000, 0x0000000745200000|  0%| F|  |TAMS 0x0000000745000000, 0x0000000745000000| Untracked 
|  35|0x0000000745200000, 0x0000000745200000, 0x0000000745400000|  0%| F|  |TAMS 0x0000000745200000, 0x0000000745200000| Untracked 
|  36|0x0000000745400000, 0x0000000745400000, 0x0000000745600000|  0%| F|  |TAMS 0x0000000745400000, 0x0000000745400000| Untracked 
|  37|0x0000000745600000, 0x0000000745600000, 0x0000000745800000|  0%| F|  |TAMS 0x0000000745600000, 0x0000000745600000| Untracked 
|  38|0x0000000745800000, 0x0000000745800000, 0x0000000745a00000|  0%| F|  |TAMS 0x0000000745800000, 0x0000000745800000| Untracked 
|  39|0x0000000745a00000, 0x0000000745a00000, 0x0000000745c00000|  0%| F|  |TAMS 0x0000000745a00000, 0x0000000745a00000| Untracked 
|  40|0x0000000745c00000, 0x0000000745c00000, 0x0000000745e00000|  0%| F|  |TAMS 0x0000000745c00000, 0x0000000745c00000| Untracked 
|  41|0x0000000745e00000, 0x0000000745e00000, 0x0000000746000000|  0%| F|  |TAMS 0x0000000745e00000, 0x0000000745e00000| Untracked 
|  42|0x0000000746000000, 0x0000000746000000, 0x0000000746200000|  0%| F|  |TAMS 0x0000000746000000, 0x0000000746000000| Untracked 
|  43|0x0000000746200000, 0x0000000746200000, 0x0000000746400000|  0%| F|  |TAMS 0x0000000746200000, 0x0000000746200000| Untracked 
|  44|0x0000000746400000, 0x0000000746400000, 0x0000000746600000|  0%| F|  |TAMS 0x0000000746400000, 0x0000000746400000| Untracked 
|  45|0x0000000746600000, 0x0000000746600000, 0x0000000746800000|  0%| F|  |TAMS 0x0000000746600000, 0x0000000746600000| Untracked 
|  46|0x0000000746800000, 0x0000000746800000, 0x0000000746a00000|  0%| F|  |TAMS 0x0000000746800000, 0x0000000746800000| Untracked 
|  47|0x0000000746a00000, 0x0000000746a00000, 0x0000000746c00000|  0%| F|  |TAMS 0x0000000746a00000, 0x0000000746a00000| Untracked 
|  48|0x0000000746c00000, 0x0000000746c00000, 0x0000000746e00000|  0%| F|  |TAMS 0x0000000746c00000, 0x0000000746c00000| Untracked 
|  49|0x0000000746e00000, 0x0000000746e00000, 0x0000000747000000|  0%| F|  |TAMS 0x0000000746e00000, 0x0000000746e00000| Untracked 
|  50|0x0000000747000000, 0x0000000747000000, 0x0000000747200000|  0%| F|  |TAMS 0x0000000747000000, 0x0000000747000000| Untracked 
|  51|0x0000000747200000, 0x0000000747200000, 0x0000000747400000|  0%| F|  |TAMS 0x0000000747200000, 0x0000000747200000| Untracked 
|  52|0x0000000747400000, 0x0000000747400000, 0x0000000747600000|  0%| F|  |TAMS 0x0000000747400000, 0x0000000747400000| Untracked 
|  53|0x0000000747600000, 0x0000000747600000, 0x0000000747800000|  0%| F|  |TAMS 0x0000000747600000, 0x0000000747600000| Untracked 
|  54|0x0000000747800000, 0x0000000747800000, 0x0000000747a00000|  0%| F|  |TAMS 0x0000000747800000, 0x0000000747800000| Untracked 
|  55|0x0000000747a00000, 0x0000000747a00000, 0x0000000747c00000|  0%| F|  |TAMS 0x0000000747a00000, 0x0000000747a00000| Untracked 
|  56|0x0000000747c00000, 0x0000000747c00000, 0x0000000747e00000|  0%| F|  |TAMS 0x0000000747c00000, 0x0000000747c00000| Untracked 
|  57|0x0000000747e00000, 0x0000000747e00000, 0x0000000748000000|  0%| F|  |TAMS 0x0000000747e00000, 0x0000000747e00000| Untracked 
|  58|0x0000000748000000, 0x0000000748000000, 0x0000000748200000|  0%| F|  |TAMS 0x0000000748000000, 0x0000000748000000| Untracked 
|  59|0x0000000748200000, 0x0000000748200000, 0x0000000748400000|  0%| F|  |TAMS 0x0000000748200000, 0x0000000748200000| Untracked 
|  60|0x0000000748400000, 0x0000000748400000, 0x0000000748600000|  0%| F|  |TAMS 0x0000000748400000, 0x0000000748400000| Untracked 
|  61|0x0000000748600000, 0x0000000748600000, 0x0000000748800000|  0%| F|  |TAMS 0x0000000748600000, 0x0000000748600000| Untracked 
|  62|0x0000000748800000, 0x0000000748800000, 0x0000000748a00000|  0%| F|  |TAMS 0x0000000748800000, 0x0000000748800000| Untracked 
|  63|0x0000000748a00000, 0x0000000748a00000, 0x0000000748c00000|  0%| F|  |TAMS 0x0000000748a00000, 0x0000000748a00000| Untracked 
|  64|0x0000000748c00000, 0x0000000748c00000, 0x0000000748e00000|  0%| F|  |TAMS 0x0000000748c00000, 0x0000000748c00000| Untracked 
|  65|0x0000000748e00000, 0x0000000748e00000, 0x0000000749000000|  0%| F|  |TAMS 0x0000000748e00000, 0x0000000748e00000| Untracked 
|  66|0x0000000749000000, 0x0000000749000000, 0x0000000749200000|  0%| F|  |TAMS 0x0000000749000000, 0x0000000749000000| Untracked 
|  67|0x0000000749200000, 0x0000000749200000, 0x0000000749400000|  0%| F|  |TAMS 0x0000000749200000, 0x0000000749200000| Untracked 
|  68|0x0000000749400000, 0x0000000749400000, 0x0000000749600000|  0%| F|  |TAMS 0x0000000749400000, 0x0000000749400000| Untracked 
|  69|0x0000000749600000, 0x0000000749600000, 0x0000000749800000|  0%| F|  |TAMS 0x0000000749600000, 0x0000000749600000| Untracked 
|  70|0x0000000749800000, 0x0000000749800000, 0x0000000749a00000|  0%| F|  |TAMS 0x0000000749800000, 0x0000000749800000| Untracked 
|  71|0x0000000749a00000, 0x0000000749a00000, 0x0000000749c00000|  0%| F|  |TAMS 0x0000000749a00000, 0x0000000749a00000| Untracked 
|  72|0x0000000749c00000, 0x0000000749c00000, 0x0000000749e00000|  0%| F|  |TAMS 0x0000000749c00000, 0x0000000749c00000| Untracked 
|  73|0x0000000749e00000, 0x0000000749e00000, 0x000000074a000000|  0%| F|  |TAMS 0x0000000749e00000, 0x0000000749e00000| Untracked 
|  74|0x000000074a000000, 0x000000074a000000, 0x000000074a200000|  0%| F|  |TAMS 0x000000074a000000, 0x000000074a000000| Untracked 
|  75|0x000000074a200000, 0x000000074a200000, 0x000000074a400000|  0%| F|  |TAMS 0x000000074a200000, 0x000000074a200000| Untracked 
|  76|0x000000074a400000, 0x000000074a400000, 0x000000074a600000|  0%| F|  |TAMS 0x000000074a400000, 0x000000074a400000| Untracked 
|  77|0x000000074a600000, 0x000000074a600000, 0x000000074a800000|  0%| F|  |TAMS 0x000000074a600000, 0x000000074a600000| Untracked 
|  78|0x000000074a800000, 0x000000074a800000, 0x000000074aa00000|  0%| F|  |TAMS 0x000000074a800000, 0x000000074a800000| Untracked 
|  79|0x000000074aa00000, 0x000000074aa00000, 0x000000074ac00000|  0%| F|  |TAMS 0x000000074aa00000, 0x000000074aa00000| Untracked 
|  80|0x000000074ac00000, 0x000000074ac00000, 0x000000074ae00000|  0%| F|  |TAMS 0x000000074ac00000, 0x000000074ac00000| Untracked 
|  81|0x000000074ae00000, 0x000000074ae00000, 0x000000074b000000|  0%| F|  |TAMS 0x000000074ae00000, 0x000000074ae00000| Untracked 
|  82|0x000000074b000000, 0x000000074b000000, 0x000000074b200000|  0%| F|  |TAMS 0x000000074b000000, 0x000000074b000000| Untracked 
|  83|0x000000074b200000, 0x000000074b200000, 0x000000074b400000|  0%| F|  |TAMS 0x000000074b200000, 0x000000074b200000| Untracked 
|  84|0x000000074b400000, 0x000000074b400000, 0x000000074b600000|  0%| F|  |TAMS 0x000000074b400000, 0x000000074b400000| Untracked 
|  85|0x000000074b600000, 0x000000074b600000, 0x000000074b800000|  0%| F|  |TAMS 0x000000074b600000, 0x000000074b600000| Untracked 
|  86|0x000000074b800000, 0x000000074b800000, 0x000000074ba00000|  0%| F|  |TAMS 0x000000074b800000, 0x000000074b800000| Untracked 
|  87|0x000000074ba00000, 0x000000074ba00000, 0x000000074bc00000|  0%| F|  |TAMS 0x000000074ba00000, 0x000000074ba00000| Untracked 
|  88|0x000000074bc00000, 0x000000074bc00000, 0x000000074be00000|  0%| F|  |TAMS 0x000000074bc00000, 0x000000074bc00000| Untracked 
|  89|0x000000074be00000, 0x000000074c000000, 0x000000074c000000|100%| S|CS|TAMS 0x000000074be00000, 0x000000074be00000| Complete 
|  90|0x000000074c000000, 0x000000074c000000, 0x000000074c200000|  0%| F|  |TAMS 0x000000074c000000, 0x000000074c000000| Untracked 
|  91|0x000000074c200000, 0x000000074c200000, 0x000000074c400000|  0%| F|  |TAMS 0x000000074c200000, 0x000000074c200000| Untracked 
|  92|0x000000074c400000, 0x000000074c400000, 0x000000074c600000|  0%| F|  |TAMS 0x000000074c400000, 0x000000074c400000| Untracked 
|  93|0x000000074c600000, 0x000000074c600000, 0x000000074c800000|  0%| F|  |TAMS 0x000000074c600000, 0x000000074c600000| Untracked 
|  94|0x000000074c800000, 0x000000074c800000, 0x000000074ca00000|  0%| F|  |TAMS 0x000000074c800000, 0x000000074c800000| Untracked 
|  95|0x000000074ca00000, 0x000000074ca231e8, 0x000000074cc00000|  6%| E|  |TAMS 0x000000074ca00000, 0x000000074ca00000| Complete 

Card table byte_map: [0x000001dd681a0000,0x000001dd687a0000] _byte_map_base: 0x000001dd6479a000

Marking Bits (Prev, Next): (CMBitMap*) 0x000001dd554816e0, (CMBitMap*) 0x000001dd55481720
 Prev Bits: [0x000001dd68da0000, 0x000001dd6bd70000)
 Next Bits: [0x000001dd6bd70000, 0x000001dd6ed40000)

Polling page: 0x000001dd535b0000

Metaspace:

Usage:
  Non-class:     13.65 MB used.
      Class:      1.60 MB used.
       Both:     15.25 MB used.

Virtual space:
  Non-class space:       64.00 MB reserved,      13.75 MB ( 21%) committed,  1 nodes.
      Class space:        1.00 GB reserved,       1.69 MB ( <1%) committed,  1 nodes.
             Both:        1.06 GB reserved,      15.44 MB (  1%) committed. 

Chunk freelists:
   Non-Class:  2.00 MB
       Class:  14.23 MB
        Both:  16.23 MB

MaxMetaspaceSize: unlimited
CompressedClassSpaceSize: 1.00 GB
Initial GC threshold: 21.00 MB
Current GC threshold: 21.00 MB
CDS: off
MetaspaceReclaimPolicy: balanced
 - commit_granule_bytes: 65536.
 - commit_granule_words: 8192.
 - virtual_space_node_default_size: 8388608.
 - enlarge_chunks_in_place: 1.
 - new_chunks_are_fully_committed: 0.
 - uncommit_free_chunks: 1.
 - use_allocation_guard: 0.
 - handle_deallocations: 1.


Internal statistics:

num_allocs_failed_limit: 0.
num_arena_births: 124.
num_arena_deaths: 0.
num_vsnodes_births: 2.
num_vsnodes_deaths: 0.
num_space_committed: 247.
num_space_uncommitted: 0.
num_chunks_returned_to_freelist: 0.
num_chunks_taken_from_freelist: 258.
num_chunk_merges: 0.
num_chunk_splits: 148.
num_chunks_enlarged: 89.
num_inconsistent_stats: 0.

CodeHeap 'non-profiled nmethods': size=120000Kb used=280Kb max_used=280Kb free=119719Kb
 bounds [0x000001dd60670000, 0x000001dd608e0000, 0x000001dd67ba0000]
CodeHeap 'profiled nmethods': size=120000Kb used=1603Kb max_used=1603Kb free=118396Kb
 bounds [0x000001dd58ba0000, 0x000001dd58e10000, 0x000001dd600d0000]
CodeHeap 'non-nmethods': size=5760Kb used=1186Kb max_used=1199Kb free=4573Kb
 bounds [0x000001dd600d0000, 0x000001dd60340000, 0x000001dd60670000]
 total_blobs=1458 nmethods=978 adapters=393
 compilation: enabled
              stopped_count=0, restarted_count=0
 full_count=0

Compilation events (20 events):
Event: 0.761 Thread 0x000001dd713f7760  968       4       jdk.internal.misc.Unsafe::getIntUnaligned (12 bytes)
Event: 0.774 Thread 0x000001dd713f7760 nmethod 968 0x000001dd606b5690 code [0x000001dd606b5800, 0x000001dd606b5898]
Event: 0.774 Thread 0x000001dd713f8520  969   !   3       jdk.internal.ref.PhantomCleanable::remove (60 bytes)
Event: 0.775 Thread 0x000001dd713f8520 nmethod 969 0x000001dd58d2c910 code [0x000001dd58d2cac0, 0x000001dd58d2cef8]
Event: 0.775 Thread 0x000001dd713f8520  971       3       java.lang.ref.Reference::clear (5 bytes)
Event: 0.775 Thread 0x000001dd713f8520 nmethod 971 0x000001dd58d2d090 code [0x000001dd58d2d220, 0x000001dd58d2d368]
Event: 0.775 Thread 0x000001dd713f8520  972       3       jdk.internal.ref.PhantomCleanable::clean (16 bytes)
Event: 0.775 Thread 0x000001dd713f8520 nmethod 972 0x000001dd58d2d410 code [0x000001dd58d2d5e0, 0x000001dd58d2d8a8]
Event: 0.778 Thread 0x000001dd713f8520  973       3       sun.security.provider.SHA2::implCompress0 (490 bytes)
Event: 0.778 Thread 0x000001dd713f8520 nmethod 973 0x000001dd58d2d990 code [0x000001dd58d2db80, 0x000001dd58d2e448]
Event: 0.778 Thread 0x000001dd713f8520  974       3       java.security.Provider::ensureLegacyParsed (123 bytes)
Event: 0.779 Thread 0x000001dd713f8520 nmethod 974 0x000001dd58d2e910 code [0x000001dd58d2eba0, 0x000001dd58d2f988]
Event: 0.781 Thread 0x000001dd713f8520  975       3       jdk.internal.reflect.ClassFileAssembler::emitByte (11 bytes)
Event: 0.781 Thread 0x000001dd713f8520 nmethod 975 0x000001dd58d2fc90 code [0x000001dd58d2fe40, 0x000001dd58d2ffe8]
Event: 0.781 Thread 0x000001dd713f8520  976       3       jdk.internal.reflect.ByteVectorImpl::add (38 bytes)
Event: 0.781 Thread 0x000001dd713f8520 nmethod 976 0x000001dd58d30110 code [0x000001dd58d302c0, 0x000001dd58d304a8]
Event: 0.785 Thread 0x000001dd713f8520  977       3       java.lang.ref.ReferenceQueue::reallyPoll (65 bytes)
Event: 0.786 Thread 0x000001dd713f8520 nmethod 977 0x000001dd58d30610 code [0x000001dd58d307e0, 0x000001dd58d30d38]
Event: 0.786 Thread 0x000001dd713f8520  978       1       java.util.concurrent.locks.AbstractOwnableSynchronizer::setExclusiveOwnerThread (6 bytes)
Event: 0.787 Thread 0x000001dd713f8520 nmethod 978 0x000001dd606b5d90 code [0x000001dd606b5f20, 0x000001dd606b6038]

GC Heap History (2 events):
Event: 0.761 GC heap before
{Heap before GC invocations=0 (full 0):
 garbage-first heap   total 196608K, used 12288K [0x0000000740c00000, 0x0000000800000000)
  region size 2048K, 6 young (12288K), 0 survivors (0K)
 Metaspace       used 15454K, committed 15616K, reserved 1114112K
  class space    used 1618K, committed 1728K, reserved 1048576K
}
Event: 0.774 GC heap after
{Heap after GC invocations=1 (full 0):
 garbage-first heap   total 196608K, used 2228K [0x0000000740c00000, 0x0000000800000000)
  region size 2048K, 1 young (2048K), 1 survivors (2048K)
 Metaspace       used 15454K, committed 15616K, reserved 1114112K
  class space    used 1618K, committed 1728K, reserved 1048576K
}

Dll operation events (1 events):
Event: 0.013 Loaded shared library C:\Program Files\JetBrains\IntelliJ IDEA Community Edition 2023.2.3\jbr\bin\java.dll

Deoptimization events (8 events):
Event: 0.423 Thread 0x000001dd5542a500 DEOPT PACKING pc=0x000001dd58bd7e2d sp=0x00000064758fdbd0
Event: 0.423 Thread 0x000001dd5542a500 DEOPT UNPACKING pc=0x000001dd60127143 sp=0x00000064758fd068 mode 0
Event: 0.554 Thread 0x000001dd5542a500 DEOPT PACKING pc=0x000001dd58bb7de7 sp=0x00000064758fe320
Event: 0.554 Thread 0x000001dd5542a500 DEOPT UNPACKING pc=0x000001dd60127143 sp=0x00000064758fd740 mode 0
Event: 0.556 Thread 0x000001dd5542a500 Uncommon trap: trap_request=0xffffff45 fr.pc=0x000001dd6068e660 relative=0x00000000000003c0
Event: 0.556 Thread 0x000001dd5542a500 Uncommon trap: reason=unstable_if action=reinterpret pc=0x000001dd6068e660 method=java.lang.StringLatin1.newString([BII)Ljava/lang/String; @ 1 c2
Event: 0.556 Thread 0x000001dd5542a500 DEOPT PACKING pc=0x000001dd6068e660 sp=0x00000064758fe380
Event: 0.556 Thread 0x000001dd5542a500 DEOPT UNPACKING pc=0x000001dd601269a3 sp=0x00000064758fe348 mode 2

Classes unloaded (0 events):
No events

Classes redefined (0 events):
No events

Internal exceptions (20 events):
Event: 0.313 Thread 0x000001dd5542a500 Exception <a 'java/lang/NoSuchMethodError'{0x000000074c924ff8}: 'int java.lang.invoke.DirectMethodHandle$Holder.invokeStaticInit(java.lang.Object, java.lang.Object)'> (0x000000074c924ff8) 
thrown [s\src\hotspot\share\interpreter\linkResolver.cpp, line 771]
Event: 0.356 Thread 0x000001dd5542a500 Exception <a 'java/lang/NoSuchMethodError'{0x000000074c60c170}: 'java.lang.Object java.lang.invoke.DirectMethodHandle$Holder.invokeStaticInit(java.lang.Object, int, int, int, int)'> (0x000000074c60c170) 
thrown [s\src\hotspot\share\interpreter\linkResolver.cpp, line 771]
Event: 0.429 Thread 0x000001dd5542a500 Exception <a 'java/lang/NoSuchMethodError'{0x000000074c67de38}: 'java.lang.Object java.lang.invoke.DirectMethodHandle$Holder.invokeStaticInit(java.lang.Object, java.lang.Object, int, int, int, int)'> (0x000000074c67de38) 
thrown [s\src\hotspot\share\interpreter\linkResolver.cpp, line 771]
Event: 0.440 Thread 0x000001dd5542a500 Exception <a 'java/lang/NoSuchMethodError'{0x000000074c6e6ad0}: 'java.lang.Object java.lang.invoke.DirectMethodHandle$Holder.invokeStatic(java.lang.Object, java.lang.Object, int)'> (0x000000074c6e6ad0) 
thrown [s\src\hotspot\share\interpreter\linkResolver.cpp, line 771]
Event: 0.440 Thread 0x000001dd5542a500 Exception <a 'java/lang/NoSuchMethodError'{0x000000074c6ea248}: 'java.lang.Object java.lang.invoke.DirectMethodHandle$Holder.invokeStaticInit(java.lang.Object, java.lang.Object, int)'> (0x000000074c6ea248) 
thrown [s\src\hotspot\share\interpreter\linkResolver.cpp, line 771]
Event: 0.441 Thread 0x000001dd5542a500 Exception <a 'java/lang/NoSuchMethodError'{0x000000074c6f05f8}: 'java.lang.Object java.lang.invoke.DirectMethodHandle$Holder.newInvokeSpecial(java.lang.Object, java.lang.Object, int)'> (0x000000074c6f05f8) 
thrown [s\src\hotspot\share\interpreter\linkResolver.cpp, line 771]
Event: 0.445 Thread 0x000001dd5542a500 Exception <a 'java/lang/NoSuchMethodError'{0x000000074c700018}: 'int java.lang.invoke.DirectMethodHandle$Holder.invokeStaticInit(java.lang.Object, java.lang.Object, java.lang.Object)'> (0x000000074c700018) 
thrown [s\src\hotspot\share\interpreter\linkResolver.cpp, line 771]
Event: 0.447 Thread 0x000001dd5542a500 Exception <a 'java/lang/NoSuchMethodError'{0x000000074c7101f8}: 'int java.lang.invoke.DirectMethodHandle$Holder.invokeSpecial(java.lang.Object, java.lang.Object, java.lang.Object)'> (0x000000074c7101f8) 
thrown [s\src\hotspot\share\interpreter\linkResolver.cpp, line 771]
Event: 0.448 Thread 0x000001dd5542a500 Exception <a 'java/lang/NoSuchMethodError'{0x000000074c7185d8}: 'int java.lang.invoke.DirectMethodHandle$Holder.invokeSpecialIFC(java.lang.Object, java.lang.Object, java.lang.Object)'> (0x000000074c7185d8) 
thrown [s\src\hotspot\share\interpreter\linkResolver.cpp, line 771]
Event: 0.485 Thread 0x000001dd5542a500 Exception <a 'java/lang/NoSuchMethodError'{0x000000074c7a4c40}: 'java.lang.Object java.lang.invoke.DirectMethodHandle$Holder.invokeStaticInit(java.lang.Object)'> (0x000000074c7a4c40) 
thrown [s\src\hotspot\share\interpreter\linkResolver.cpp, line 771]
Event: 0.566 Thread 0x000001dd5542a500 Exception <a 'java/lang/NoSuchMethodError'{0x000000074c53e780}: 'java.lang.Object java.lang.invoke.DirectMethodHandle$Holder.newInvokeSpecial(java.lang.Object, java.lang.Object, java.lang.Object, java.lang.Object, java.lang.Object)'> (0x000000074c53e780) 
thrown [s\src\hotspot\share\interpreter\linkResolver.cpp, line 771]
Event: 0.603 Thread 0x000001dd5542a500 Exception <a 'java/lang/NoSuchMethodError'{0x000000074c2c9f00}: 'java.lang.Object java.lang.invoke.DirectMethodHandle$Holder.invokeSpecial(java.lang.Object, java.lang.Object, java.lang.Object, java.lang.Object, int)'> (0x000000074c2c9f00) 
thrown [s\src\hotspot\share\interpreter\linkResolver.cpp, line 771]
Event: 0.603 Thread 0x000001dd5542a500 Exception <a 'java/lang/NoSuchMethodError'{0x000000074c2cdac8}: 'java.lang.Object java.lang.invoke.Invokers$Holder.linkToTargetMethod(java.lang.Object, java.lang.Object, int, java.lang.Object)'> (0x000000074c2cdac8) 
thrown [s\src\hotspot\share\interpreter\linkResolver.cpp, line 771]
Event: 0.613 Thread 0x000001dd5542a500 Exception <a 'java/lang/NoSuchMethodError'{0x000000074c32e848}: 'void java.lang.invoke.DirectMethodHandle$Holder.invokeSpecial(java.lang.Object, java.lang.Object, java.lang.Object)'> (0x000000074c32e848) 
thrown [s\src\hotspot\share\interpreter\linkResolver.cpp, line 771]
Event: 0.627 Thread 0x000001dd762d57e0 Exception <a 'java/lang/NoSuchMethodError'{0x000000074c51f0e0}: 'void java.lang.invoke.DirectMethodHandle$Holder.invokeStatic(java.lang.Object, java.lang.Object, int)'> (0x000000074c51f0e0) 
thrown [s\src\hotspot\share\interpreter\linkResolver.cpp, line 771]
Event: 0.629 Thread 0x000001dd5542a500 Exception <a 'java/lang/NoSuchMethodError'{0x000000074c3b5280}: 'void java.lang.invoke.DirectMethodHandle$Holder.invokeSpecial(java.lang.Object, java.lang.Object, java.lang.Object, java.lang.Object, java.lang.Object)'> (0x000000074c3b5280) 
thrown [s\src\hotspot\share\interpreter\linkResolver.cpp, line 771]
Event: 0.635 Thread 0x000001dd76370370 Exception <a 'java/lang/NoSuchMethodError'{0x000000074c062048}: 'void java.lang.invoke.DirectMethodHandle$Holder.invokeInterface(java.lang.Object, java.lang.Object, java.lang.Object)'> (0x000000074c062048) 
thrown [s\src\hotspot\share\interpreter\linkResolver.cpp, line 771]
Event: 0.638 Thread 0x000001dd76370370 Exception <a 'java/lang/NoSuchMethodError'{0x000000074c078530}: 'int java.lang.invoke.DirectMethodHandle$Holder.invokeStaticInit(java.lang.Object, int, int)'> (0x000000074c078530) 
thrown [s\src\hotspot\share\interpreter\linkResolver.cpp, line 771]
Event: 0.645 Thread 0x000001dd76370370 Exception <a 'java/lang/NoSuchMethodError'{0x000000074c0bbc10}: 'void java.lang.invoke.DirectMethodHandle$Holder.invokeVirtual(java.lang.Object, java.lang.Object)'> (0x000000074c0bbc10) 
thrown [s\src\hotspot\share\interpreter\linkResolver.cpp, line 771]
Event: 0.749 Thread 0x000001dd76370370 Exception <a 'java/lang/NoSuchMethodError'{0x000000074c1d01f8}: 'void java.lang.invoke.DirectMethodHandle$Holder.invokeInterface(java.lang.Object, java.lang.Object)'> (0x000000074c1d01f8) 
thrown [s\src\hotspot\share\interpreter\linkResolver.cpp, line 771]

VM Operations (10 events):
Event: 0.158 Executing VM operation: HandshakeAllThreads
Event: 0.159 Executing VM operation: HandshakeAllThreads done
Event: 0.178 Executing VM operation: HandshakeAllThreads
Event: 0.178 Executing VM operation: HandshakeAllThreads done
Event: 0.372 Executing VM operation: HandshakeAllThreads
Event: 0.372 Executing VM operation: HandshakeAllThreads done
Event: 0.487 Executing VM operation: HandshakeAllThreads
Event: 0.487 Executing VM operation: HandshakeAllThreads done
Event: 0.761 Executing VM operation: G1CollectForAllocation
Event: 0.774 Executing VM operation: G1CollectForAllocation done

Events (20 events):
Event: 0.782 loading class jdk/internal/reflect/MethodAccessorGenerator$1
Event: 0.782 loading class jdk/internal/reflect/MethodAccessorGenerator$1 done
Event: 0.782 loading class jdk/internal/reflect/ClassDefiner
Event: 0.783 loading class jdk/internal/reflect/ClassDefiner done
Event: 0.783 loading class jdk/internal/reflect/ClassDefiner$1
Event: 0.783 loading class jdk/internal/reflect/ClassDefiner$1 done
Event: 0.783 loading class jdk/internal/reflect/BootstrapConstructorAccessorImpl
Event: 0.783 loading class jdk/internal/reflect/BootstrapConstructorAccessorImpl done
Event: 0.783 loading class sun/security/ssl/SSLCipher$T13GcmWriteCipherGenerator$GcmWriteCipher
Event: 0.784 loading class sun/security/ssl/SSLCipher$T13GcmWriteCipherGenerator$GcmWriteCipher done
Event: 0.784 loading class sun/security/ssl/ChangeCipherSpec
Event: 0.784 loading class sun/security/ssl/ChangeCipherSpec done
Event: 0.784 loading class sun/security/ssl/ChangeCipherSpec$T10ChangeCipherSpecConsumer
Event: 0.784 loading class sun/security/ssl/ChangeCipherSpec$T10ChangeCipherSpecConsumer done
Event: 0.784 loading class sun/security/ssl/ChangeCipherSpec$T10ChangeCipherSpecProducer
Event: 0.784 loading class sun/security/ssl/ChangeCipherSpec$T10ChangeCipherSpecProducer done
Event: 0.784 loading class sun/security/ssl/ChangeCipherSpec$T13ChangeCipherSpecConsumer
Event: 0.784 loading class sun/security/ssl/ChangeCipherSpec$T13ChangeCipherSpecConsumer done
Event: 0.787 loading class javax/crypto/spec/GCMParameterSpec
Event: 0.787 loading class javax/crypto/spec/GCMParameterSpec done


Dynamic libraries:
0x00007ff7bbe80000 - 0x00007ff7bbe8a000 	C:\Program Files\JetBrains\IntelliJ IDEA Community Edition 2023.2.3\jbr\bin\java.exe
0x00007ffc9d7f0000 - 0x00007ffc9d9e8000 	C:\WINDOWS\SYSTEM32\ntdll.dll
0x00007ffc9d5a0000 - 0x00007ffc9d65f000 	C:\WINDOWS\System32\KERNEL32.DLL
0x00007ffc9b0d0000 - 0x00007ffc9b3c6000 	C:\WINDOWS\System32\KERNELBASE.dll
0x00007ffc9afd0000 - 0x00007ffc9b0d0000 	C:\WINDOWS\System32\ucrtbase.dll
0x00007ffc71480000 - 0x00007ffc71497000 	C:\Program Files\JetBrains\IntelliJ IDEA Community Edition 2023.2.3\jbr\bin\jli.dll
0x00007ffc9ce00000 - 0x00007ffc9cf9d000 	C:\WINDOWS\System32\USER32.dll
0x00007ffc9af30000 - 0x00007ffc9af52000 	C:\WINDOWS\System32\win32u.dll
0x00007ffc9bf10000 - 0x00007ffc9bf3c000 	C:\WINDOWS\System32\GDI32.dll
0x00007ffc9b5e0000 - 0x00007ffc9b6f5000 	C:\WINDOWS\System32\gdi32full.dll
0x00007ffc68f80000 - 0x00007ffc68f9b000 	C:\Program Files\JetBrains\IntelliJ IDEA Community Edition 2023.2.3\jbr\bin\VCRUNTIME140.dll
0x00007ffc9b3d0000 - 0x00007ffc9b46d000 	C:\WINDOWS\System32\msvcp_win.dll
0x00007ffc86500000 - 0x00007ffc8679a000 	C:\WINDOWS\WinSxS\amd64_microsoft.windows.common-controls_6595b64144ccf1df_6.0.19041.1110_none_60b5254171f9507e\COMCTL32.dll
0x00007ffc9cfa0000 - 0x00007ffc9d03e000 	C:\WINDOWS\System32\msvcrt.dll
0x00007ffc9bd10000 - 0x00007ffc9bd40000 	C:\WINDOWS\System32\IMM32.DLL
0x00007ffc83e80000 - 0x00007ffc83e8c000 	C:\Program Files\JetBrains\IntelliJ IDEA Community Edition 2023.2.3\jbr\bin\vcruntime140_1.dll
0x00007ffc68e10000 - 0x00007ffc68e9d000 	C:\Program Files\JetBrains\IntelliJ IDEA Community Edition 2023.2.3\jbr\bin\msvcp140.dll
0x00007ffc6a630000 - 0x00007ffc6b2b3000 	C:\Program Files\JetBrains\IntelliJ IDEA Community Edition 2023.2.3\jbr\bin\server\jvm.dll
0x00007ffc9ba20000 - 0x00007ffc9bacf000 	C:\WINDOWS\System32\ADVAPI32.dll
0x00007ffc9bd40000 - 0x00007ffc9bddc000 	C:\WINDOWS\System32\sechost.dll
0x00007ffc9bde0000 - 0x00007ffc9bf06000 	C:\WINDOWS\System32\RPCRT4.dll
0x00007ffc9a4a0000 - 0x00007ffc9a4eb000 	C:\WINDOWS\SYSTEM32\POWRPROF.dll
0x00007ffc98670000 - 0x00007ffc98679000 	C:\WINDOWS\SYSTEM32\WSOCK32.dll
0x00007ffc9bca0000 - 0x00007ffc9bd0b000 	C:\WINDOWS\System32\WS2_32.dll
0x00007ffc90690000 - 0x00007ffc906b7000 	C:\WINDOWS\SYSTEM32\WINMM.dll
0x00007ffc95350000 - 0x00007ffc9535a000 	C:\WINDOWS\SYSTEM32\VERSION.dll
0x00007ffc9a360000 - 0x00007ffc9a372000 	C:\WINDOWS\SYSTEM32\UMPDC.dll
0x00007ffc98e00000 - 0x00007ffc98e12000 	C:\WINDOWS\SYSTEM32\kernel.appcore.dll
0x00007ffc96be0000 - 0x00007ffc96bea000 	C:\Program Files\JetBrains\IntelliJ IDEA Community Edition 2023.2.3\jbr\bin\jimage.dll
0x00007ffc85550000 - 0x00007ffc85734000 	C:\WINDOWS\SYSTEM32\DBGHELP.DLL
0x00007ffc8ece0000 - 0x00007ffc8ed14000 	C:\WINDOWS\SYSTEM32\dbgcore.DLL
0x00007ffc9b4a0000 - 0x00007ffc9b522000 	C:\WINDOWS\System32\bcryptPrimitives.dll
0x00007ffc786d0000 - 0x00007ffc786f5000 	C:\Program Files\JetBrains\IntelliJ IDEA Community Edition 2023.2.3\jbr\bin\java.dll
0x00007ffc94160000 - 0x00007ffc94178000 	C:\Program Files\JetBrains\IntelliJ IDEA Community Edition 2023.2.3\jbr\bin\zip.dll
0x00007ffc9c4f0000 - 0x00007ffc9cc34000 	C:\WINDOWS\System32\SHELL32.dll
0x00007ffc99000000 - 0x00007ffc99793000 	C:\WINDOWS\SYSTEM32\windows.storage.dll
0x00007ffc9d240000 - 0x00007ffc9d594000 	C:\WINDOWS\System32\combase.dll
0x00007ffc9a980000 - 0x00007ffc9a9ae000 	C:\WINDOWS\SYSTEM32\Wldp.dll
0x00007ffc9cca0000 - 0x00007ffc9cd4d000 	C:\WINDOWS\System32\SHCORE.dll
0x00007ffc9cc40000 - 0x00007ffc9cc95000 	C:\WINDOWS\System32\shlwapi.dll
0x00007ffc9ae70000 - 0x00007ffc9ae8f000 	C:\WINDOWS\SYSTEM32\profapi.dll
0x00007ffc8d1e0000 - 0x00007ffc8d1f9000 	C:\Program Files\JetBrains\IntelliJ IDEA Community Edition 2023.2.3\jbr\bin\net.dll
0x00007ffc91d80000 - 0x00007ffc91e8a000 	C:\WINDOWS\SYSTEM32\WINHTTP.dll
0x00007ffc9a6e0000 - 0x00007ffc9a74a000 	C:\WINDOWS\system32\mswsock.dll
0x00007ffc786b0000 - 0x00007ffc786c6000 	C:\Program Files\JetBrains\IntelliJ IDEA Community Edition 2023.2.3\jbr\bin\nio.dll
0x00007ffc8d160000 - 0x00007ffc8d16e000 	C:\Program Files\JetBrains\IntelliJ IDEA Community Edition 2023.2.3\jbr\bin\sunmscapi.dll
0x00007ffc9b700000 - 0x00007ffc9b85e000 	C:\WINDOWS\System32\CRYPT32.dll
0x00007ffc9a9f0000 - 0x00007ffc9aa18000 	C:\WINDOWS\SYSTEM32\ncrypt.dll
0x00007ffc9a9b0000 - 0x00007ffc9a9eb000 	C:\WINDOWS\SYSTEM32\NTASN1.dll
0x00007ffc9a8d0000 - 0x00007ffc9a8e8000 	C:\WINDOWS\SYSTEM32\CRYPTSP.dll
0x00007ffc99f20000 - 0x00007ffc99f54000 	C:\WINDOWS\system32\rsaenh.dll
0x00007ffc9b470000 - 0x00007ffc9b497000 	C:\WINDOWS\System32\bcrypt.dll
0x00007ffc9ae30000 - 0x00007ffc9ae5e000 	C:\WINDOWS\SYSTEM32\USERENV.dll
0x00007ffc9a8f0000 - 0x00007ffc9a8fc000 	C:\WINDOWS\SYSTEM32\CRYPTBASE.dll
0x00007ffc9a380000 - 0x00007ffc9a3bc000 	C:\WINDOWS\SYSTEM32\IPHLPAPI.DLL
0x00007ffc9bc80000 - 0x00007ffc9bc88000 	C:\WINDOWS\System32\NSI.dll
0x00007ffc92cc0000 - 0x00007ffc92cd7000 	C:\WINDOWS\SYSTEM32\dhcpcsvc6.DLL
0x00007ffc92ca0000 - 0x00007ffc92cbd000 	C:\WINDOWS\SYSTEM32\dhcpcsvc.DLL
0x00007ffc9a3d0000 - 0x00007ffc9a49a000 	C:\WINDOWS\SYSTEM32\DNSAPI.dll
0x00007ffc931e0000 - 0x00007ffc931e7000 	C:\WINDOWS\system32\wshunix.dll

dbghelp: loaded successfully - version: 4.0.5 - missing functions: none
symbol engine: initialized successfully - sym options: 0x614 - pdb path: .;C:\Program Files\JetBrains\IntelliJ IDEA Community Edition 2023.2.3\jbr\bin;C:\WINDOWS\SYSTEM32;C:\WINDOWS\WinSxS\amd64_microsoft.windows.common-controls_6595b64144ccf1df_6.0.19041.1110_none_60b5254171f9507e;C:\Program Files\JetBrains\IntelliJ IDEA Community Edition 2023.2.3\jbr\bin\server

VM Arguments:
java_command: git4idea.http.GitAskPassApp Username for 'https://github.com': 
java_class_path (initial): C:/Program Files/JetBrains/IntelliJ IDEA Community Edition 2023.2.3/plugins/vcs-git/lib/git4idea-rt.jar;C:/Program Files/JetBrains/IntelliJ IDEA Community Edition 2023.2.3/lib/externalProcess-rt.jar
Launcher Type: SUN_STANDARD

[Global flags]
     intx CICompilerCount                          = 3                                         {product} {ergonomic}
     uint ConcGCThreads                            = 1                                         {product} {ergonomic}
     uint G1ConcRefinementThreads                  = 4                                         {product} {ergonomic}
   size_t G1HeapRegionSize                         = 2097152                                   {product} {ergonomic}
    uintx GCDrainStackTargetSize                   = 64                                        {product} {ergonomic}
   size_t InitialHeapSize                          = 201326592                                 {product} {ergonomic}
   size_t MarkStackSize                            = 4194304                                   {product} {ergonomic}
   size_t MaxHeapSize                              = 3208642560                                {product} {ergonomic}
   size_t MaxNewSize                               = 1925185536                                {product} {ergonomic}
   size_t MinHeapDeltaBytes                        = 2097152                                   {product} {ergonomic}
   size_t MinHeapSize                              = 8388608                                   {product} {ergonomic}
    uintx NonNMethodCodeHeapSize                   = 5832780                                {pd product} {ergonomic}
    uintx NonProfiledCodeHeapSize                  = 122912730                              {pd product} {ergonomic}
    uintx ProfiledCodeHeapSize                     = 122912730                              {pd product} {ergonomic}
    uintx ReservedCodeCacheSize                    = 251658240                              {pd product} {ergonomic}
     bool SegmentedCodeCache                       = true                                      {product} {ergonomic}
   size_t SoftMaxHeapSize                          = 3208642560                             {manageable} {ergonomic}
     bool UseCompressedClassPointers               = true                           {product lp64_product} {ergonomic}
     bool UseCompressedOops                        = true                           {product lp64_product} {ergonomic}
     bool UseG1GC                                  = true                                      {product} {ergonomic}
     bool UseLargePagesIndividualAllocation        = false                                  {pd product} {ergonomic}

Logging:
Log output configuration:
 #0: stdout all=warning uptime,level,tags
 #1: stderr all=off uptime,level,tags

Environment Variables:
PATH=C:\Program Files\Git\mingw64\libexec\git-core;C:\Program Files\Git\mingw64\libexec\git-core;C:\Program Files\Git\mingw64\bin;C:\Program Files\Git\usr\bin;C:\Users\Nino\bin;C:\Program Files\Eclipse Adoptium\jdk-17.0.8.101-hotspot\bin;C:\windows\system32;C:\windows;C:\windows\system32\wbem;C:\windows\system32\windowspowershell\v1.0;C:\windows\system32\openssh;C:\Program Files (x86)\NVIDIA Corporation\PhysX\Common;C:\Program Files (x86)\dotnet;C:\MAMP\bin\php\php8.1.0;C:\ProgramData\ComposerSetup\bin;C:\Program Files\Git\cmd;C:\Program Files\nodejs;C:\Users\Nino\AppData\Local\Microsoft\WindowsApps;C:\Users\Nino\AppData\Local\Programs\Microsoft VS Code\bin;C:\Users\Nino\AppData\Roaming\Composer\vendor\bin;C:\Users\Nino\AppData\Roaming\npm
USERNAME=Nino
DISPLAY=:0.0
LC_ALL=en_US.UTF-8
TERM=xterm-256color
TMPDIR=C:\Users\Nino\AppData\Local\Temp
OS=Windows_NT
PROCESSOR_IDENTIFIER=Intel64 Family 6 Model 58 Stepping 9, GenuineIntel
TMP=C:\Users\Nino\AppData\Local\Temp
TEMP=C:\Users\Nino\AppData\Local\Temp


JNI global refs:
JNI global refs: 18, weak refs: 0

JNI global refs memory usage: 843, weak refs: 209

OOME stack traces (most recent first):
Classloader memory used:
Loader bootstrap                                                                       : 1766K
Loader jdk.internal.loader.ClassLoaders$PlatformClassLoader                            : 182K
Loader jdk.internal.loader.ClassLoaders$AppClassLoader                                 : 1808B
Loader jdk.internal.reflect.DelegatingClassLoader                                      : 432B


---------------  S Y S T E M  ---------------

OS:
 Windows 10 , 64 bit Build 19041 (10.0.19041.3031)
OS uptime: 5 days 0:44 hours

CPU: total 4 (initial active 4) (4 cores per cpu, 1 threads per core) family 6 model 58 stepping 9 microcode 0x21, cx8, cmov, fxsr, mmx, sse, sse2, sse3, ssse3, sse4.1, sse4.2, popcnt, tsc, tscinvbit, avx, aes, erms, clmul, vzeroupper, clflush
Processor Information for all 4 processors :
  Max Mhz: 3401, Current Mhz: 3401, Mhz Limit: 3401

Memory: 4k page, system-wide physical 12232M (3363M free)
TotalPageFile size 14280M (AvailPageFile size 2M)
current process WorkingSet (physical memory assigned to process): 68M, peak: 68M
current process commit charge ("private bytes"): 279M, peak: 280M

vm_info: OpenJDK 64-Bit Server VM (17.0.8.1+7-b1000.32) for windows-amd64 JRE (17.0.8.1+7-b1000.32), built on 2023-09-15 by "builduser" with MS VC++ 16.10 / 16.11 (VS2019)

END.
