#
# There is insufficient memory for the Java Runtime Environment to continue.
# Native memory allocation (malloc) failed to allocate 688704 bytes for Chunk::new
# Possible reasons:
#   The system is out of physical RAM or swap space
#   The process is running with CompressedOops enabled, and the Java Heap may be blocking the growth of the native heap
# Possible solutions:
#   Reduce memory load on the system
#   Increase physical memory or swap space
#   Check if swap backing store is full
#   Decrease Java heap size (-Xmx/-Xms)
#   Decrease number of Java threads
#   Decrease Java thread stack sizes (-Xss)
#   Set larger code cache with -XX:ReservedCodeCacheSize=
#   JVM is running with Zero Based Compressed Oops mode in which the Java heap is
#     placed in the first 32GB address space. The Java Heap base address is the
#     maximum limit for the native heap growth. Please use -XX:HeapBaseMinAddress
#     to set the Java Heap base and to place the Java Heap above 32GB virtual address.
# This output file may be truncated or incomplete.
#
#  Out of Memory Error (arena.cpp:189), pid=15220, tid=14640
#
# JRE version: OpenJDK Runtime Environment Temurin-17.0.8.1+1 (17.0.8.1+1) (build 17.0.8.1+1)
# Java VM: OpenJDK 64-Bit Server VM Temurin-17.0.8.1+1 (17.0.8.1+1, mixed mode, sharing, tiered, compressed oops, compressed class ptrs, g1 gc, windows-amd64)
# No core dump will be written. Minidumps are not enabled by default on client versions of Windows
#

---------------  S U M M A R Y ------------

Command Line: -javaagent:C:\Program Files\JetBrains\IntelliJ IDEA Community Edition 2023.2.3\lib\idea_rt.jar=49491:C:\Program Files\JetBrains\IntelliJ IDEA Community Edition 2023.2.3\bin -Dfile.encoding=UTF-8 com.experis.course.springpizzeria.SpringPizzeriaApplication

Host: Intel(R) Core(TM) i5-3570 CPU @ 3.40GHz, 4 cores, 11G,  Windows 10 , 64 bit Build 19041 (10.0.19041.3031)
Time: Mon Nov 20 15:12:05 2023 ora solare Europa occidentale elapsed time: 3.513357 seconds (0d 0h 0m 3s)

---------------  T H R E A D  ---------------

Current thread (0x00000141ec7cda50):  JavaThread "C2 CompilerThread0" daemon [_thread_in_native, id=14640, stack(0x0000002011f00000,0x0000002012000000)]


Current CompileTask:
C2:   3513 2295       4       java.util.HashSet::add (20 bytes)

Stack: [0x0000002011f00000,0x0000002012000000]
Native frames: (J=compiled Java code, j=interpreted, Vv=VM code, C=native code)
V  [jvm.dll+0x678b0a]
V  [jvm.dll+0x835e84]
V  [jvm.dll+0x83762e]
V  [jvm.dll+0x837c93]
V  [jvm.dll+0x24746f]
V  [jvm.dll+0xac20c]
V  [jvm.dll+0xac7dc]
V  [jvm.dll+0x365ca7]
V  [jvm.dll+0x3301a1]
V  [jvm.dll+0x32f64a]
V  [jvm.dll+0x219bf1]
V  [jvm.dll+0x219011]
V  [jvm.dll+0x1a534d]
V  [jvm.dll+0x228d8a]
V  [jvm.dll+0x226dcc]
V  [jvm.dll+0x7ec09b]
V  [jvm.dll+0x7e64ca]
V  [jvm.dll+0x677955]
C  [ucrtbase.dll+0x21bb2]
C  [KERNEL32.DLL+0x17614]
C  [ntdll.dll+0x526f1]


---------------  P R O C E S S  ---------------

Threads class SMR info:
_java_thread_list=0x00000141f2b3c160, length=16, elements={
0x00000141cc65a150, 0x00000141ec7b3690, 0x00000141ec7b49f0, 0x00000141ec7c7d40,
0x00000141ec7c8810, 0x00000141ec7c92d0, 0x00000141ec7c9c90, 0x00000141ec7cda50,
0x00000141ec7cf510, 0x00000141ec9587f0, 0x00000141ec9ee1a0, 0x00000141ecc4de70,
0x00000141ecd3a870, 0x00000141f16b8880, 0x00000141f16a6940, 0x00000141f1bdfbc0
}

Java Threads: ( => current thread )
  0x00000141cc65a150 JavaThread "main" [_thread_blocked, id=5236, stack(0x0000002011200000,0x0000002011300000)]
  0x00000141ec7b3690 JavaThread "Reference Handler" daemon [_thread_blocked, id=12420, stack(0x0000002011900000,0x0000002011a00000)]
  0x00000141ec7b49f0 JavaThread "Finalizer" daemon [_thread_blocked, id=19452, stack(0x0000002011a00000,0x0000002011b00000)]
  0x00000141ec7c7d40 JavaThread "Signal Dispatcher" daemon [_thread_blocked, id=5976, stack(0x0000002011b00000,0x0000002011c00000)]
  0x00000141ec7c8810 JavaThread "Attach Listener" daemon [_thread_blocked, id=15436, stack(0x0000002011c00000,0x0000002011d00000)]
  0x00000141ec7c92d0 JavaThread "Service Thread" daemon [_thread_blocked, id=9252, stack(0x0000002011d00000,0x0000002011e00000)]
  0x00000141ec7c9c90 JavaThread "Monitor Deflation Thread" daemon [_thread_blocked, id=15336, stack(0x0000002011e00000,0x0000002011f00000)]
=>0x00000141ec7cda50 JavaThread "C2 CompilerThread0" daemon [_thread_in_native, id=14640, stack(0x0000002011f00000,0x0000002012000000)]
  0x00000141ec7cf510 JavaThread "C1 CompilerThread0" daemon [_thread_blocked, id=16064, stack(0x0000002012000000,0x0000002012100000)]
  0x00000141ec9587f0 JavaThread "Sweeper thread" daemon [_thread_blocked, id=9424, stack(0x0000002012100000,0x0000002012200000)]
  0x00000141ec9ee1a0 JavaThread "Common-Cleaner" daemon [_thread_blocked, id=16784, stack(0x0000002012200000,0x0000002012300000)]
  0x00000141ecc4de70 JavaThread "Monitor Ctrl-Break" daemon [_thread_in_native, id=16424, stack(0x0000002012400000,0x0000002012500000)]
  0x00000141ecd3a870 JavaThread "Notification Thread" daemon [_thread_blocked, id=3244, stack(0x0000002012500000,0x0000002012600000)]
  0x00000141f16b8880 JavaThread "Thread-0" [_thread_blocked, id=14828, stack(0x0000002012a00000,0x0000002012b00000)]
  0x00000141f16a6940 JavaThread "restartedMain" [_thread_in_Java, id=11828, stack(0x0000002012b00000,0x0000002012c00000)]
  0x00000141f1bdfbc0 JavaThread "C2 CompilerThread1" daemon [_thread_in_native, id=9728, stack(0x0000002012300000,0x0000002012400000)]

Other Threads:
  0x00000141ec7ad430 VMThread "VM Thread" [stack: 0x0000002011800000,0x0000002011900000] [id=1756]
  0x00000141ecc4d910 WatcherThread [stack: 0x0000002012600000,0x0000002012700000] [id=17144]
  0x00000141cc6ace80 GCTaskThread "GC Thread#0" [stack: 0x0000002011300000,0x0000002011400000] [id=16736]
  0x00000141f15b2520 GCTaskThread "GC Thread#1" [stack: 0x0000002012700000,0x0000002012800000] [id=10320]
  0x00000141f15b27e0 GCTaskThread "GC Thread#2" [stack: 0x0000002012800000,0x0000002012900000] [id=11668]
  0x00000141f15b2aa0 GCTaskThread "GC Thread#3" [stack: 0x0000002012900000,0x0000002012a00000] [id=18384]
  0x00000141cc6b9b20 ConcurrentGCThread "G1 Main Marker" [stack: 0x0000002011400000,0x0000002011500000] [id=9824]
  0x00000141cc6ba530 ConcurrentGCThread "G1 Conc#0" [stack: 0x0000002011500000,0x0000002011600000] [id=14568]
  0x00000141cc6f5920 ConcurrentGCThread "G1 Refine#0" [stack: 0x0000002011600000,0x0000002011700000] [id=7884]
  0x00000141ec6834c0 ConcurrentGCThread "G1 Service" [stack: 0x0000002011700000,0x0000002011800000] [id=18404]

Threads with active compile tasks:
C2 CompilerThread0     3550 2295       4       java.util.HashSet::add (20 bytes)
C2 CompilerThread1     3550 2290       4       jdk.internal.jimage.ImageLocation::verify (218 bytes)

VM state: not at safepoint (normal execution)

VM Mutex/Monitor currently owned by a thread: None

Heap address: 0x0000000740c00000, size: 3060 MB, Compressed Oops mode: Zero based, Oop shift amount: 3

CDS archive(s) mapped at: [0x0000014180000000-0x0000014180bd0000-0x0000014180bd0000), size 12386304, SharedBaseAddress: 0x0000014180000000, ArchiveRelocationMode: 1.
Compressed class space mapped at: 0x0000014181000000-0x00000141c1000000, reserved size: 1073741824
Narrow klass base: 0x0000014180000000, Narrow klass shift: 0, Narrow klass range: 0x100000000

GC Precious Log:
 CPUs: 4 total, 4 available
 Memory: 12232M
 Large Page Support: Disabled
 NUMA Support: Disabled
 Compressed Oops: Enabled (Zero based)
 Heap Region Size: 2M
 Heap Min Capacity: 8M
 Heap Initial Capacity: 192M
 Heap Max Capacity: 3060M
 Pre-touch: Disabled
 Parallel Workers: 4
 Concurrent Workers: 1
 Concurrent Refinement Workers: 4
 Periodic GC: Disabled

Heap:
 garbage-first heap   total 196608K, used 47564K [0x0000000740c00000, 0x0000000800000000)
  region size 2048K, 22 young (45056K), 2 survivors (4096K)
 Metaspace       used 19460K, committed 19712K, reserved 1114112K
  class space    used 2468K, committed 2560K, reserved 1048576K

Heap Regions: E=young(eden), S=young(survivor), O=old, HS=humongous(starts), HC=humongous(continues), CS=collection set, F=free, OA=open archive, CA=closed archive, TAMS=top-at-mark-start (previous, next)
|   0|0x0000000740c00000, 0x0000000740e00000, 0x0000000740e00000|100%| O|  |TAMS 0x0000000740c00000, 0x0000000740c00000| Untracked 
|   1|0x0000000740e00000, 0x0000000741000000, 0x0000000741000000|100%| O|  |TAMS 0x0000000740e00000, 0x0000000740e00000| Untracked 
|   2|0x0000000741000000, 0x00000007411ed600, 0x0000000741200000| 96%| O|  |TAMS 0x0000000741000000, 0x0000000741000000| Untracked 
|   3|0x0000000741200000, 0x0000000741200000, 0x0000000741400000|  0%| F|  |TAMS 0x0000000741200000, 0x0000000741200000| Untracked 
|   4|0x0000000741400000, 0x0000000741400000, 0x0000000741600000|  0%| F|  |TAMS 0x0000000741400000, 0x0000000741400000| Untracked 
|   5|0x0000000741600000, 0x0000000741600000, 0x0000000741800000|  0%| F|  |TAMS 0x0000000741600000, 0x0000000741600000| Untracked 
|   6|0x0000000741800000, 0x0000000741800000, 0x0000000741a00000|  0%| F|  |TAMS 0x0000000741800000, 0x0000000741800000| Untracked 
|   7|0x0000000741a00000, 0x0000000741a00000, 0x0000000741c00000|  0%| F|  |TAMS 0x0000000741a00000, 0x0000000741a00000| Untracked 
|   8|0x0000000741c00000, 0x0000000741c00000, 0x0000000741e00000|  0%| F|  |TAMS 0x0000000741c00000, 0x0000000741c00000| Untracked 
|   9|0x0000000741e00000, 0x0000000741e00000, 0x0000000742000000|  0%| F|  |TAMS 0x0000000741e00000, 0x0000000741e00000| Untracked 
|  10|0x0000000742000000, 0x0000000742000000, 0x0000000742200000|  0%| F|  |TAMS 0x0000000742000000, 0x0000000742000000| Untracked 
|  11|0x0000000742200000, 0x0000000742200000, 0x0000000742400000|  0%| F|  |TAMS 0x0000000742200000, 0x0000000742200000| Untracked 
|  12|0x0000000742400000, 0x0000000742400000, 0x0000000742600000|  0%| F|  |TAMS 0x0000000742400000, 0x0000000742400000| Untracked 
|  13|0x0000000742600000, 0x0000000742600000, 0x0000000742800000|  0%| F|  |TAMS 0x0000000742600000, 0x0000000742600000| Untracked 
|  14|0x0000000742800000, 0x0000000742800000, 0x0000000742a00000|  0%| F|  |TAMS 0x0000000742800000, 0x0000000742800000| Untracked 
|  15|0x0000000742a00000, 0x0000000742a00000, 0x0000000742c00000|  0%| F|  |TAMS 0x0000000742a00000, 0x0000000742a00000| Untracked 
|  16|0x0000000742c00000, 0x0000000742c00000, 0x0000000742e00000|  0%| F|  |TAMS 0x0000000742c00000, 0x0000000742c00000| Untracked 
|  17|0x0000000742e00000, 0x0000000742e00000, 0x0000000743000000|  0%| F|  |TAMS 0x0000000742e00000, 0x0000000742e00000| Untracked 
|  18|0x0000000743000000, 0x0000000743000000, 0x0000000743200000|  0%| F|  |TAMS 0x0000000743000000, 0x0000000743000000| Untracked 
|  19|0x0000000743200000, 0x0000000743200000, 0x0000000743400000|  0%| F|  |TAMS 0x0000000743200000, 0x0000000743200000| Untracked 
|  20|0x0000000743400000, 0x0000000743400000, 0x0000000743600000|  0%| F|  |TAMS 0x0000000743400000, 0x0000000743400000| Untracked 
|  21|0x0000000743600000, 0x0000000743600000, 0x0000000743800000|  0%| F|  |TAMS 0x0000000743600000, 0x0000000743600000| Untracked 
|  22|0x0000000743800000, 0x0000000743800000, 0x0000000743a00000|  0%| F|  |TAMS 0x0000000743800000, 0x0000000743800000| Untracked 
|  23|0x0000000743a00000, 0x0000000743a00000, 0x0000000743c00000|  0%| F|  |TAMS 0x0000000743a00000, 0x0000000743a00000| Untracked 
|  24|0x0000000743c00000, 0x0000000743c00000, 0x0000000743e00000|  0%| F|  |TAMS 0x0000000743c00000, 0x0000000743c00000| Untracked 
|  25|0x0000000743e00000, 0x0000000743e00000, 0x0000000744000000|  0%| F|  |TAMS 0x0000000743e00000, 0x0000000743e00000| Untracked 
|  26|0x0000000744000000, 0x0000000744000000, 0x0000000744200000|  0%| F|  |TAMS 0x0000000744000000, 0x0000000744000000| Untracked 
|  27|0x0000000744200000, 0x0000000744200000, 0x0000000744400000|  0%| F|  |TAMS 0x0000000744200000, 0x0000000744200000| Untracked 
|  28|0x0000000744400000, 0x0000000744400000, 0x0000000744600000|  0%| F|  |TAMS 0x0000000744400000, 0x0000000744400000| Untracked 
|  29|0x0000000744600000, 0x0000000744600000, 0x0000000744800000|  0%| F|  |TAMS 0x0000000744600000, 0x0000000744600000| Untracked 
|  30|0x0000000744800000, 0x0000000744800000, 0x0000000744a00000|  0%| F|  |TAMS 0x0000000744800000, 0x0000000744800000| Untracked 
|  31|0x0000000744a00000, 0x0000000744a00000, 0x0000000744c00000|  0%| F|  |TAMS 0x0000000744a00000, 0x0000000744a00000| Untracked 
|  32|0x0000000744c00000, 0x0000000744c00000, 0x0000000744e00000|  0%| F|  |TAMS 0x0000000744c00000, 0x0000000744c00000| Untracked 
|  33|0x0000000744e00000, 0x0000000744e00000, 0x0000000745000000|  0%| F|  |TAMS 0x0000000744e00000, 0x0000000744e00000| Untracked 
|  34|0x0000000745000000, 0x0000000745000000, 0x0000000745200000|  0%| F|  |TAMS 0x0000000745000000, 0x0000000745000000| Untracked 
|  35|0x0000000745200000, 0x0000000745200000, 0x0000000745400000|  0%| F|  |TAMS 0x0000000745200000, 0x0000000745200000| Untracked 
|  36|0x0000000745400000, 0x0000000745400000, 0x0000000745600000|  0%| F|  |TAMS 0x0000000745400000, 0x0000000745400000| Untracked 
|  37|0x0000000745600000, 0x0000000745600000, 0x0000000745800000|  0%| F|  |TAMS 0x0000000745600000, 0x0000000745600000| Untracked 
|  38|0x0000000745800000, 0x0000000745800000, 0x0000000745a00000|  0%| F|  |TAMS 0x0000000745800000, 0x0000000745800000| Untracked 
|  39|0x0000000745a00000, 0x0000000745a00000, 0x0000000745c00000|  0%| F|  |TAMS 0x0000000745a00000, 0x0000000745a00000| Untracked 
|  40|0x0000000745c00000, 0x0000000745c00000, 0x0000000745e00000|  0%| F|  |TAMS 0x0000000745c00000, 0x0000000745c00000| Untracked 
|  41|0x0000000745e00000, 0x0000000745e00000, 0x0000000746000000|  0%| F|  |TAMS 0x0000000745e00000, 0x0000000745e00000| Untracked 
|  42|0x0000000746000000, 0x0000000746000000, 0x0000000746200000|  0%| F|  |TAMS 0x0000000746000000, 0x0000000746000000| Untracked 
|  43|0x0000000746200000, 0x0000000746200000, 0x0000000746400000|  0%| F|  |TAMS 0x0000000746200000, 0x0000000746200000| Untracked 
|  44|0x0000000746400000, 0x0000000746400000, 0x0000000746600000|  0%| F|  |TAMS 0x0000000746400000, 0x0000000746400000| Untracked 
|  45|0x0000000746600000, 0x0000000746600000, 0x0000000746800000|  0%| F|  |TAMS 0x0000000746600000, 0x0000000746600000| Untracked 
|  46|0x0000000746800000, 0x0000000746800000, 0x0000000746a00000|  0%| F|  |TAMS 0x0000000746800000, 0x0000000746800000| Untracked 
|  47|0x0000000746a00000, 0x0000000746a00000, 0x0000000746c00000|  0%| F|  |TAMS 0x0000000746a00000, 0x0000000746a00000| Untracked 
|  48|0x0000000746c00000, 0x0000000746c00000, 0x0000000746e00000|  0%| F|  |TAMS 0x0000000746c00000, 0x0000000746c00000| Untracked 
|  49|0x0000000746e00000, 0x0000000746e00000, 0x0000000747000000|  0%| F|  |TAMS 0x0000000746e00000, 0x0000000746e00000| Untracked 
|  50|0x0000000747000000, 0x0000000747000000, 0x0000000747200000|  0%| F|  |TAMS 0x0000000747000000, 0x0000000747000000| Untracked 
|  51|0x0000000747200000, 0x0000000747200000, 0x0000000747400000|  0%| F|  |TAMS 0x0000000747200000, 0x0000000747200000| Untracked 
|  52|0x0000000747400000, 0x0000000747400000, 0x0000000747600000|  0%| F|  |TAMS 0x0000000747400000, 0x0000000747400000| Untracked 
|  53|0x0000000747600000, 0x0000000747600000, 0x0000000747800000|  0%| F|  |TAMS 0x0000000747600000, 0x0000000747600000| Untracked 
|  54|0x0000000747800000, 0x0000000747800000, 0x0000000747a00000|  0%| F|  |TAMS 0x0000000747800000, 0x0000000747800000| Untracked 
|  55|0x0000000747a00000, 0x0000000747a00000, 0x0000000747c00000|  0%| F|  |TAMS 0x0000000747a00000, 0x0000000747a00000| Untracked 
|  56|0x0000000747c00000, 0x0000000747c00000, 0x0000000747e00000|  0%| F|  |TAMS 0x0000000747c00000, 0x0000000747c00000| Untracked 
|  57|0x0000000747e00000, 0x0000000747e00000, 0x0000000748000000|  0%| F|  |TAMS 0x0000000747e00000, 0x0000000747e00000| Untracked 
|  58|0x0000000748000000, 0x0000000748000000, 0x0000000748200000|  0%| F|  |TAMS 0x0000000748000000, 0x0000000748000000| Untracked 
|  59|0x0000000748200000, 0x0000000748200000, 0x0000000748400000|  0%| F|  |TAMS 0x0000000748200000, 0x0000000748200000| Untracked 
|  60|0x0000000748400000, 0x0000000748400000, 0x0000000748600000|  0%| F|  |TAMS 0x0000000748400000, 0x0000000748400000| Untracked 
|  61|0x0000000748600000, 0x0000000748600000, 0x0000000748800000|  0%| F|  |TAMS 0x0000000748600000, 0x0000000748600000| Untracked 
|  62|0x0000000748800000, 0x0000000748800000, 0x0000000748a00000|  0%| F|  |TAMS 0x0000000748800000, 0x0000000748800000| Untracked 
|  63|0x0000000748a00000, 0x0000000748a00000, 0x0000000748c00000|  0%| F|  |TAMS 0x0000000748a00000, 0x0000000748a00000| Untracked 
|  64|0x0000000748c00000, 0x0000000748c00000, 0x0000000748e00000|  0%| F|  |TAMS 0x0000000748c00000, 0x0000000748c00000| Untracked 
|  65|0x0000000748e00000, 0x0000000748e00000, 0x0000000749000000|  0%| F|  |TAMS 0x0000000748e00000, 0x0000000748e00000| Untracked 
|  66|0x0000000749000000, 0x0000000749000000, 0x0000000749200000|  0%| F|  |TAMS 0x0000000749000000, 0x0000000749000000| Untracked 
|  67|0x0000000749200000, 0x0000000749200000, 0x0000000749400000|  0%| F|  |TAMS 0x0000000749200000, 0x0000000749200000| Untracked 
|  68|0x0000000749400000, 0x0000000749400000, 0x0000000749600000|  0%| F|  |TAMS 0x0000000749400000, 0x0000000749400000| Untracked 
|  69|0x0000000749600000, 0x0000000749600000, 0x0000000749800000|  0%| F|  |TAMS 0x0000000749600000, 0x0000000749600000| Untracked 
|  70|0x0000000749800000, 0x0000000749800000, 0x0000000749a00000|  0%| F|  |TAMS 0x0000000749800000, 0x0000000749800000| Untracked 
|  71|0x0000000749a00000, 0x0000000749a00000, 0x0000000749c00000|  0%| F|  |TAMS 0x0000000749a00000, 0x0000000749a00000| Untracked 
|  72|0x0000000749c00000, 0x0000000749c00000, 0x0000000749e00000|  0%| F|  |TAMS 0x0000000749c00000, 0x0000000749c00000| Untracked 
|  73|0x0000000749e00000, 0x0000000749e00000, 0x000000074a000000|  0%| F|  |TAMS 0x0000000749e00000, 0x0000000749e00000| Untracked 
|  74|0x000000074a000000, 0x000000074a0df2d8, 0x000000074a200000| 43%| E|  |TAMS 0x000000074a000000, 0x000000074a000000| Complete 
|  75|0x000000074a200000, 0x000000074a400000, 0x000000074a400000|100%| E|CS|TAMS 0x000000074a200000, 0x000000074a200000| Complete 
|  76|0x000000074a400000, 0x000000074a600000, 0x000000074a600000|100%| E|CS|TAMS 0x000000074a400000, 0x000000074a400000| Complete 
|  77|0x000000074a600000, 0x000000074a800000, 0x000000074a800000|100%| E|CS|TAMS 0x000000074a600000, 0x000000074a600000| Complete 
|  78|0x000000074a800000, 0x000000074aa00000, 0x000000074aa00000|100%| E|CS|TAMS 0x000000074a800000, 0x000000074a800000| Complete 
|  79|0x000000074aa00000, 0x000000074ac00000, 0x000000074ac00000|100%| E|CS|TAMS 0x000000074aa00000, 0x000000074aa00000| Complete 
|  80|0x000000074ac00000, 0x000000074ae00000, 0x000000074ae00000|100%| E|CS|TAMS 0x000000074ac00000, 0x000000074ac00000| Complete 
|  81|0x000000074ae00000, 0x000000074ae85ab8, 0x000000074b000000| 26%| S|CS|TAMS 0x000000074ae00000, 0x000000074ae00000| Complete 
|  82|0x000000074b000000, 0x000000074b200000, 0x000000074b200000|100%| S|CS|TAMS 0x000000074b000000, 0x000000074b000000| Complete 
|  83|0x000000074b200000, 0x000000074b400000, 0x000000074b400000|100%| E|CS|TAMS 0x000000074b200000, 0x000000074b200000| Complete 
|  84|0x000000074b400000, 0x000000074b600000, 0x000000074b600000|100%| E|CS|TAMS 0x000000074b400000, 0x000000074b400000| Complete 
|  85|0x000000074b600000, 0x000000074b800000, 0x000000074b800000|100%| E|CS|TAMS 0x000000074b600000, 0x000000074b600000| Complete 
|  86|0x000000074b800000, 0x000000074ba00000, 0x000000074ba00000|100%| E|CS|TAMS 0x000000074b800000, 0x000000074b800000| Complete 
|  87|0x000000074ba00000, 0x000000074bc00000, 0x000000074bc00000|100%| E|CS|TAMS 0x000000074ba00000, 0x000000074ba00000| Complete 
|  88|0x000000074bc00000, 0x000000074be00000, 0x000000074be00000|100%| E|CS|TAMS 0x000000074bc00000, 0x000000074bc00000| Complete 
|  89|0x000000074be00000, 0x000000074c000000, 0x000000074c000000|100%| E|CS|TAMS 0x000000074be00000, 0x000000074be00000| Complete 
|  90|0x000000074c000000, 0x000000074c200000, 0x000000074c200000|100%| E|CS|TAMS 0x000000074c000000, 0x000000074c000000| Complete 
|  91|0x000000074c200000, 0x000000074c400000, 0x000000074c400000|100%| E|CS|TAMS 0x000000074c200000, 0x000000074c200000| Complete 
|  92|0x000000074c400000, 0x000000074c600000, 0x000000074c600000|100%| E|CS|TAMS 0x000000074c400000, 0x000000074c400000| Complete 
|  93|0x000000074c600000, 0x000000074c800000, 0x000000074c800000|100%| E|CS|TAMS 0x000000074c600000, 0x000000074c600000| Complete 
|  94|0x000000074c800000, 0x000000074ca00000, 0x000000074ca00000|100%| E|CS|TAMS 0x000000074c800000, 0x000000074c800000| Complete 
|  95|0x000000074ca00000, 0x000000074cc00000, 0x000000074cc00000|100%| E|CS|TAMS 0x000000074ca00000, 0x000000074ca00000| Complete 

Card table byte_map: [0x00000141e3740000,0x00000141e3d40000] _byte_map_base: 0x00000141dfd3a000

Marking Bits (Prev, Next): (CMBitMap*) 0x00000141cc6ad2b0, (CMBitMap*) 0x00000141cc6ad2f0
 Prev Bits: [0x00000141e4340000, 0x00000141e7310000)
 Next Bits: [0x00000141e7310000, 0x00000141ea2e0000)

Polling page: 0x00000141ca7a0000

Metaspace:

Usage:
  Non-class:     16.63 MB used.
      Class:      2.41 MB used.
       Both:     19.04 MB used.

Virtual space:
  Non-class space:       64.00 MB reserved,      16.75 MB ( 26%) committed,  1 nodes.
      Class space:        1.00 GB reserved,       2.50 MB ( <1%) committed,  1 nodes.
             Both:        1.06 GB reserved,      19.25 MB (  2%) committed. 

Chunk freelists:
   Non-Class:  15.01 MB
       Class:  13.51 MB
        Both:  28.52 MB

MaxMetaspaceSize: unlimited
CompressedClassSpaceSize: 1.00 GB
Initial GC threshold: 21.00 MB
Current GC threshold: 21.00 MB
CDS: on
MetaspaceReclaimPolicy: balanced
 - commit_granule_bytes: 65536.
 - commit_granule_words: 8192.
 - virtual_space_node_default_size: 8388608.
 - enlarge_chunks_in_place: 1.
 - new_chunks_are_fully_committed: 0.
 - uncommit_free_chunks: 1.
 - use_allocation_guard: 0.
 - handle_deallocations: 1.


Internal statistics:

num_allocs_failed_limit: 0.
num_arena_births: 212.
num_arena_deaths: 0.
num_vsnodes_births: 2.
num_vsnodes_deaths: 0.
num_space_committed: 308.
num_space_uncommitted: 0.
num_chunks_returned_to_freelist: 0.
num_chunks_taken_from_freelist: 853.
num_chunk_merges: 0.
num_chunk_splits: 591.
num_chunks_enlarged: 473.
num_inconsistent_stats: 0.

CodeHeap 'non-profiled nmethods': size=120000Kb used=1067Kb max_used=1067Kb free=118932Kb
 bounds [0x00000141dbc10000, 0x00000141dbe80000, 0x00000141e3140000]
CodeHeap 'profiled nmethods': size=120000Kb used=4771Kb max_used=4771Kb free=115228Kb
 bounds [0x00000141d4140000, 0x00000141d45f0000, 0x00000141db670000]
CodeHeap 'non-nmethods': size=5760Kb used=1201Kb max_used=1243Kb free=4558Kb
 bounds [0x00000141db670000, 0x00000141db8e0000, 0x00000141dbc10000]
 total_blobs=2856 nmethods=2356 adapters=412
 compilation: enabled
              stopped_count=0, restarted_count=0
 full_count=0

Compilation events (20 events):
Event: 3.491 Thread 0x00000141ec7cf510 2296   !   3       jdk.internal.loader.URLClassPath::checkURL (16 bytes)
Event: 3.491 Thread 0x00000141ec7cf510 nmethod 2296 0x00000141d45b8190 code [0x00000141d45b8340, 0x00000141d45b8508]
Event: 3.491 Thread 0x00000141ec7cf510 2297       3       org.springframework.core.type.classreading.SimpleMethodMetadataReadingVisitor::getSource (36 bytes)
Event: 3.491 Thread 0x00000141ec7cf510 nmethod 2297 0x00000141d45b8610 code [0x00000141d45b87c0, 0x00000141d45b8bd8]
Event: 3.494 Thread 0x00000141ec7cf510 2298       3       org.slf4j.LoggerFactory::getLogger (12 bytes)
Event: 3.494 Thread 0x00000141ec7cf510 nmethod 2298 0x00000141d45b8d10 code [0x00000141d45b8ee0, 0x00000141d45b91e8]
Event: 3.495 Thread 0x00000141ec7cf510 2299       3       ch.qos.logback.classic.LoggerContext::getLogger (6 bytes)
Event: 3.495 Thread 0x00000141ec7cf510 nmethod 2299 0x00000141d45b9310 code [0x00000141d45b94c0, 0x00000141d45b9608]
Event: 3.496 Thread 0x00000141ec7cf510 2300   !   3       org.springframework.boot.devtools.restart.classloader.RestartClassLoader::loadClass (119 bytes)
Event: 3.498 Thread 0x00000141ec7cf510 nmethod 2300 0x00000141d45b9690 code [0x00000141d45b9b40, 0x00000141d45bbe98]
Event: 3.498 Thread 0x00000141ec7cf510 2301       3       org.springframework.boot.devtools.restart.classloader.RestartClassLoader::findClass (72 bytes)
Event: 3.499 Thread 0x00000141ec7cf510 nmethod 2301 0x00000141d45bcc90 code [0x00000141d45bd040, 0x00000141d45be628]
Event: 3.499 Thread 0x00000141ec7cf510 2302   !   3       java.net.URLClassLoader::findClass (47 bytes)
Event: 3.499 Thread 0x00000141ec7cf510 nmethod 2302 0x00000141d45bee90 code [0x00000141d45bf080, 0x00000141d45bf6e8]
Event: 3.509 Thread 0x00000141ec7cf510 2303       3       java.util.stream.ReferencePipeline::filter (22 bytes)
Event: 3.509 Thread 0x00000141ec7cf510 nmethod 2303 0x00000141d45bf910 code [0x00000141d45bfb00, 0x00000141d45c0038]
Event: 3.509 Thread 0x00000141ec7cf510 2304       3       java.util.stream.ReferencePipeline$2::opWrapSink (10 bytes)
Event: 3.509 Thread 0x00000141ec7cf510 nmethod 2304 0x00000141d45c0290 code [0x00000141d45c0480, 0x00000141d45c0a48]
Event: 3.509 Thread 0x00000141ec7cf510 2305       3       java.util.stream.ReferencePipeline$2$1::begin (13 bytes)
Event: 3.509 Thread 0x00000141ec7cf510 nmethod 2305 0x00000141d45c0c10 code [0x00000141d45c0dc0, 0x00000141d45c0fa8]

GC Heap History (6 events):
Event: 0.663 GC heap before
{Heap before GC invocations=0 (full 0):
 garbage-first heap   total 196608K, used 12288K [0x0000000740c00000, 0x0000000800000000)
  region size 2048K, 6 young (12288K), 0 survivors (0K)
 Metaspace       used 2914K, committed 3136K, reserved 1114112K
  class space    used 282K, committed 384K, reserved 1048576K
}
Event: 0.666 GC heap after
{Heap after GC invocations=1 (full 0):
 garbage-first heap   total 196608K, used 6036K [0x0000000740c00000, 0x0000000800000000)
  region size 2048K, 1 young (2048K), 1 survivors (2048K)
 Metaspace       used 2914K, committed 3136K, reserved 1114112K
  class space    used 282K, committed 384K, reserved 1048576K
}
Event: 0.958 GC heap before
{Heap before GC invocations=1 (full 0):
 garbage-first heap   total 196608K, used 14228K [0x0000000740c00000, 0x0000000800000000)
  region size 2048K, 5 young (10240K), 1 survivors (2048K)
 Metaspace       used 4984K, committed 5248K, reserved 1114112K
  class space    used 558K, committed 704K, reserved 1048576K
}
Event: 0.960 GC heap after
{Heap after GC invocations=2 (full 0):
 garbage-first heap   total 196608K, used 6555K [0x0000000740c00000, 0x0000000800000000)
  region size 2048K, 1 young (2048K), 1 survivors (2048K)
 Metaspace       used 4984K, committed 5248K, reserved 1114112K
  class space    used 558K, committed 704K, reserved 1048576K
}
Event: 2.517 GC heap before
{Heap before GC invocations=2 (full 0):
 garbage-first heap   total 196608K, used 29083K [0x0000000740c00000, 0x0000000800000000)
  region size 2048K, 13 young (26624K), 1 survivors (2048K)
 Metaspace       used 11195K, committed 11456K, reserved 1114112K
  class space    used 1404K, committed 1536K, reserved 1048576K
}
Event: 2.519 GC heap after
{Heap after GC invocations=3 (full 0):
 garbage-first heap   total 196608K, used 8652K [0x0000000740c00000, 0x0000000800000000)
  region size 2048K, 2 young (4096K), 2 survivors (4096K)
 Metaspace       used 11195K, committed 11456K, reserved 1114112K
  class space    used 1404K, committed 1536K, reserved 1048576K
}

Dll operation events (12 events):
Event: 0.021 Loaded shared library C:\Program Files\Eclipse Adoptium\jdk-17.0.8.101-hotspot\bin\java.dll
Event: 0.046 Loaded shared library C:\Program Files\Eclipse Adoptium\jdk-17.0.8.101-hotspot\bin\jsvml.dll
Event: 0.265 Loaded shared library C:\Program Files\Eclipse Adoptium\jdk-17.0.8.101-hotspot\bin\zip.dll
Event: 0.268 Loaded shared library C:\Program Files\Eclipse Adoptium\jdk-17.0.8.101-hotspot\bin\instrument.dll
Event: 0.275 Loaded shared library C:\Program Files\Eclipse Adoptium\jdk-17.0.8.101-hotspot\bin\net.dll
Event: 0.277 Loaded shared library C:\Program Files\Eclipse Adoptium\jdk-17.0.8.101-hotspot\bin\nio.dll
Event: 0.280 Loaded shared library C:\Program Files\Eclipse Adoptium\jdk-17.0.8.101-hotspot\bin\zip.dll
Event: 0.424 Loaded shared library C:\Program Files\JetBrains\IntelliJ IDEA Community Edition 2023.2.3\bin\breakgen64.dll
Event: 0.471 Loaded shared library C:\Program Files\Eclipse Adoptium\jdk-17.0.8.101-hotspot\bin\jimage.dll
Event: 0.837 Loaded shared library C:\Program Files\Eclipse Adoptium\jdk-17.0.8.101-hotspot\bin\management.dll
Event: 0.841 Loaded shared library C:\Program Files\Eclipse Adoptium\jdk-17.0.8.101-hotspot\bin\management_ext.dll
Event: 1.602 Loaded shared library C:\Program Files\Eclipse Adoptium\jdk-17.0.8.101-hotspot\bin\verify.dll

Deoptimization events (20 events):
Event: 3.185 Thread 0x00000141f16a6940 DEOPT PACKING pc=0x00000141d4292be6 sp=0x0000002012bfde00
Event: 3.185 Thread 0x00000141f16a6940 DEOPT UNPACKING pc=0x00000141db6c7143 sp=0x0000002012bfd2c8 mode 0
Event: 3.185 Thread 0x00000141f16a6940 DEOPT PACKING pc=0x00000141d42a0065 sp=0x0000002012bfddd0
Event: 3.185 Thread 0x00000141f16a6940 DEOPT UNPACKING pc=0x00000141db6c7143 sp=0x0000002012bfd2c0 mode 0
Event: 3.186 Thread 0x00000141f16a6940 DEOPT PACKING pc=0x00000141d4525bf6 sp=0x0000002012bfdde0
Event: 3.186 Thread 0x00000141f16a6940 DEOPT UNPACKING pc=0x00000141db6c7143 sp=0x0000002012bfd308 mode 0
Event: 3.186 Thread 0x00000141f16a6940 DEOPT PACKING pc=0x00000141d4525bf6 sp=0x0000002012bfdde0
Event: 3.186 Thread 0x00000141f16a6940 DEOPT UNPACKING pc=0x00000141db6c7143 sp=0x0000002012bfd308 mode 0
Event: 3.450 Thread 0x00000141f16a6940 Uncommon trap: trap_request=0xffffffc6 fr.pc=0x00000141dbce34a4 relative=0x00000000000021a4
Event: 3.450 Thread 0x00000141f16a6940 Uncommon trap: reason=bimorphic_or_optimized_type_check action=maybe_recompile pc=0x00000141dbce34a4 method=java.util.HashMap.putVal(ILjava/lang/Object;Ljava/lang/Object;ZZ)Ljava/lang/Object; @ 203 c2
Event: 3.450 Thread 0x00000141f16a6940 DEOPT PACKING pc=0x00000141dbce34a4 sp=0x0000002012bfdce0
Event: 3.450 Thread 0x00000141f16a6940 DEOPT UNPACKING pc=0x00000141db6c69a3 sp=0x0000002012bfdba8 mode 2
Event: 3.462 Thread 0x00000141f16a6940 Uncommon trap: trap_request=0xffffff45 fr.pc=0x00000141dbd0ffdc relative=0x000000000000247c
Event: 3.462 Thread 0x00000141f16a6940 Uncommon trap: reason=unstable_if action=reinterpret pc=0x00000141dbd0ffdc method=jdk.internal.org.objectweb.asm.ByteVector.enlarge(I)V @ 17 c2
Event: 3.462 Thread 0x00000141f16a6940 DEOPT PACKING pc=0x00000141dbd0ffdc sp=0x0000002012bfc610
Event: 3.462 Thread 0x00000141f16a6940 DEOPT UNPACKING pc=0x00000141db6c69a3 sp=0x0000002012bfc498 mode 2
Event: 3.472 Thread 0x00000141f16a6940 Uncommon trap: trap_request=0xffffffc6 fr.pc=0x00000141dbce34a4 relative=0x00000000000021a4
Event: 3.472 Thread 0x00000141f16a6940 Uncommon trap: reason=bimorphic_or_optimized_type_check action=maybe_recompile pc=0x00000141dbce34a4 method=java.util.HashMap.putVal(ILjava/lang/Object;Ljava/lang/Object;ZZ)Ljava/lang/Object; @ 203 c2
Event: 3.472 Thread 0x00000141f16a6940 DEOPT PACKING pc=0x00000141dbce34a4 sp=0x0000002012bfdce0
Event: 3.472 Thread 0x00000141f16a6940 DEOPT UNPACKING pc=0x00000141db6c69a3 sp=0x0000002012bfdba8 mode 2

Classes unloaded (0 events):
No events

Classes redefined (0 events):
No events

Internal exceptions (20 events):
Event: 1.421 Thread 0x00000141f16a6940 Exception <a 'java/lang/NoSuchMethodError'{0x000000074bc1abc0}: 'java.lang.Object java.lang.invoke.DirectMethodHandle$Holder.invokeStatic(java.lang.Object, java.lang.Object, long, java.lang.Object)'> (0x000000074bc1abc0) 
thrown [s\src\hotspot\share\interpreter\linkResolver.cpp, line 759]
Event: 1.421 Thread 0x00000141f16a6940 Exception <a 'java/lang/NoSuchMethodError'{0x000000074bc1e658}: 'java.lang.Object java.lang.invoke.DirectMethodHandle$Holder.invokeStaticInit(java.lang.Object, java.lang.Object, long, java.lang.Object)'> (0x000000074bc1e658) 
thrown [s\src\hotspot\share\interpreter\linkResolver.cpp, line 759]
Event: 1.422 Thread 0x00000141f16a6940 Exception <a 'java/lang/NoSuchMethodError'{0x000000074bc24d60}: 'java.lang.Object java.lang.invoke.DirectMethodHandle$Holder.newInvokeSpecial(java.lang.Object, java.lang.Object, long)'> (0x000000074bc24d60) 
thrown [s\src\hotspot\share\interpreter\linkResolver.cpp, line 759]
Event: 1.422 Thread 0x00000141f16a6940 Exception <a 'java/lang/NoSuchMethodError'{0x000000074bc288d0}: 'java.lang.Object java.lang.invoke.Invokers$Holder.linkToTargetMethod(java.lang.Object, long, java.lang.Object)'> (0x000000074bc288d0) 
thrown [s\src\hotspot\share\interpreter\linkResolver.cpp, line 759]
Event: 1.438 Thread 0x00000141f16a6940 Exception <a 'java/lang/NoSuchMethodError'{0x000000074bc77500}: 'void java.lang.invoke.DirectMethodHandle$Holder.invokeVirtual(java.lang.Object, java.lang.Object, java.lang.Object, java.lang.Object)'> (0x000000074bc77500) 
thrown [s\src\hotspot\share\interpreter\linkResolver.cpp, line 759]
Event: 1.489 Thread 0x00000141f16a6940 Exception <a 'java/lang/NoSuchMethodError'{0x000000074bdc9970}: 'void java.lang.invoke.DirectMethodHandle$Holder.invokeSpecial(java.lang.Object, java.lang.Object, java.lang.Object)'> (0x000000074bdc9970) 
thrown [s\src\hotspot\share\interpreter\linkResolver.cpp, line 759]
Event: 1.490 Thread 0x00000141f16a6940 Exception <a 'java/lang/NoSuchMethodError'{0x000000074bdcff48}: 'void java.lang.invoke.DirectMethodHandle$Holder.invokeSpecial(java.lang.Object, java.lang.Object, java.lang.Object, java.lang.Object, java.lang.Object)'> (0x000000074bdcff48) 
thrown [s\src\hotspot\share\interpreter\linkResolver.cpp, line 759]
Event: 1.496 Thread 0x00000141f16a6940 Exception <a 'java/lang/IncompatibleClassChangeError'{0x000000074ba2f550}: Found class java.lang.Object, but interface was expected> (0x000000074ba2f550) 
thrown [s\src\hotspot\share\interpreter\linkResolver.cpp, line 826]
Event: 1.630 Thread 0x00000141f16a6940 Exception <a 'java/lang/NoSuchMethodError'{0x000000074b5b0688}: 'java.lang.Object java.lang.invoke.DirectMethodHandle$Holder.invokeStatic(java.lang.Object, int, java.lang.Object)'> (0x000000074b5b0688) 
thrown [s\src\hotspot\share\interpreter\linkResolver.cpp, line 759]
Event: 2.709 Thread 0x00000141f16a6940 Exception <a 'sun/nio/fs/WindowsException'{0x000000074c022a10}> (0x000000074c022a10) 
thrown [s\src\hotspot\share\prims\jni.cpp, line 516]
Event: 2.710 Thread 0x00000141f16a6940 Exception <a 'java/lang/NoSuchMethodError'{0x000000074c024378}: 'int java.lang.invoke.DirectMethodHandle$Holder.invokeSpecial(java.lang.Object, java.lang.Object, java.lang.Object, java.lang.Object, java.lang.Object)'> (0x000000074c024378) 
thrown [s\src\hotspot\share\interpreter\linkResolver.cpp, line 759]
Event: 2.716 Thread 0x00000141f16a6940 Exception <a 'java/lang/NoSuchMethodError'{0x000000074c02d168}: 'void java.lang.invoke.DirectMethodHandle$Holder.invokeVirtual(java.lang.Object, java.lang.Object)'> (0x000000074c02d168) 
thrown [s\src\hotspot\share\interpreter\linkResolver.cpp, line 759]
Event: 3.174 Thread 0x00000141f16a6940 Exception <a 'java/lang/IncompatibleClassChangeError'{0x000000074addaaa8}: Found class java.lang.Object, but interface was expected> (0x000000074addaaa8) 
thrown [s\src\hotspot\share\interpreter\linkResolver.cpp, line 826]
Event: 3.268 Thread 0x00000141f16a6940 Exception <a 'java/lang/NoSuchMethodError'{0x000000074a63fa20}: 'void java.lang.invoke.DirectMethodHandle$Holder.invokeInterface(java.lang.Object, java.lang.Object, java.lang.Object, java.lang.Object)'> (0x000000074a63fa20) 
thrown [s\src\hotspot\share\interpreter\linkResolver.cpp, line 759]
Event: 3.352 Thread 0x00000141f175e440 Exception <a 'java/lang/NoSuchMethodError'{0x000000074a579328}: 'long java.lang.invoke.DirectMethodHandle$Holder.invokeSpecial(java.lang.Object, java.lang.Object)'> (0x000000074a579328) 
thrown [s\src\hotspot\share\interpreter\linkResolver.cpp, line 759]
Event: 3.356 Thread 0x00000141f175e440 Exception <a 'java/lang/NoSuchMethodError'{0x000000074a584550}: 'long java.lang.invoke.DirectMethodHandle$Holder.invokeStatic(java.lang.Object, java.lang.Object)'> (0x000000074a584550) 
thrown [s\src\hotspot\share\interpreter\linkResolver.cpp, line 759]
Event: 3.357 Thread 0x00000141f175e440 Exception <a 'java/lang/NoSuchMethodError'{0x000000074a587b50}: 'long java.lang.invoke.DirectMethodHandle$Holder.invokeStaticInit(java.lang.Object, java.lang.Object)'> (0x000000074a587b50) 
thrown [s\src\hotspot\share\interpreter\linkResolver.cpp, line 759]
Event: 3.360 Thread 0x00000141f175e440 Exception <a 'java/lang/NoSuchMethodError'{0x000000074a595678}: 'long java.lang.invoke.DirectMethodHandle$Holder.invokeInterface(java.lang.Object, java.lang.Object)'> (0x000000074a595678) 
thrown [s\src\hotspot\share\interpreter\linkResolver.cpp, line 759]
Event: 3.360 Thread 0x00000141f175e440 Exception <a 'java/lang/IncompatibleClassChangeError'{0x000000074a598c08}: Found class java.lang.Object, but interface was expected> (0x000000074a598c08) 
thrown [s\src\hotspot\share\interpreter\linkResolver.cpp, line 826]
Event: 3.459 Thread 0x00000141f175e440 Exception <a 'java/lang/NoSuchMethodError'{0x000000074a2e4d88}: 'java.lang.Object java.lang.invoke.DirectMethodHandle$Holder.invokeVirtual(java.lang.Object, java.lang.Object, java.lang.Object, java.lang.Object)'> (0x000000074a2e4d88) 
thrown [s\src\hotspot\share\interpreter\linkResolver.cpp, line 759]

VM Operations (20 events):
Event: 1.305 Executing VM operation: HandshakeAllThreads
Event: 1.305 Executing VM operation: HandshakeAllThreads done
Event: 1.377 Executing VM operation: HandshakeAllThreads
Event: 1.377 Executing VM operation: HandshakeAllThreads done
Event: 1.485 Executing VM operation: HandshakeAllThreads
Event: 1.485 Executing VM operation: HandshakeAllThreads done
Event: 1.485 Executing VM operation: HandshakeAllThreads
Event: 1.485 Executing VM operation: HandshakeAllThreads done
Event: 1.536 Executing VM operation: ICBufferFull
Event: 1.536 Executing VM operation: ICBufferFull done
Event: 1.629 Executing VM operation: HandshakeAllThreads
Event: 1.630 Executing VM operation: HandshakeAllThreads done
Event: 2.517 Executing VM operation: G1CollectForAllocation
Event: 2.520 Executing VM operation: G1CollectForAllocation done
Event: 2.625 Executing VM operation: HandshakeAllThreads
Event: 2.625 Executing VM operation: HandshakeAllThreads done
Event: 2.689 Executing VM operation: HandshakeAllThreads
Event: 2.689 Executing VM operation: HandshakeAllThreads done
Event: 2.985 Executing VM operation: HandshakeAllThreads
Event: 3.010 Executing VM operation: HandshakeAllThreads done

Events (20 events):
Event: 2.918 loading class java/util/concurrent/atomic/AtomicLongArray done
Event: 2.918 loading class java/lang/invoke/VarHandleLongs$Array
Event: 2.918 loading class java/lang/invoke/VarHandleLongs$Array done
Event: 2.919 loading class java/util/concurrent/atomic/AtomicReferenceArray
Event: 2.919 loading class java/util/concurrent/atomic/AtomicReferenceArray done
Event: 2.943 Thread 0x00000141f218ffb0 Thread added: 0x00000141f218ffb0
Event: 2.980 loading class sun/text/resources/cldr/FormatData_en
Event: 2.980 loading class sun/text/resources/cldr/FormatData_en done
Event: 2.980 loading class sun/text/resources/cldr/FormatData_en_US
Event: 2.980 loading class sun/text/resources/cldr/FormatData_en_US done
Event: 3.027 loading class java/io/CharArrayReader
Event: 3.027 loading class java/io/CharArrayReader done
Event: 3.102 loading class javax/naming/ldap/LdapContext
Event: 3.102 loading class javax/naming/directory/DirContext
Event: 3.102 loading class javax/naming/directory/DirContext done
Event: 3.102 loading class javax/naming/ldap/LdapContext done
Event: 3.152 Thread 0x00000141f218ffb0 Thread exited: 0x00000141f218ffb0
Event: 3.307 loading class java/util/regex/Pattern$Pos
Event: 3.307 loading class java/util/regex/Pattern$Pos done
Event: 3.462 Thread 0x00000141f175e440 Thread exited: 0x00000141f175e440


Dynamic libraries:
0x00007ff65b180000 - 0x00007ff65b18e000 	C:\Program Files\Eclipse Adoptium\jdk-17.0.8.101-hotspot\bin\java.exe
0x00007ffa568b0000 - 0x00007ffa56aa8000 	C:\WINDOWS\SYSTEM32\ntdll.dll
0x00007ffa55560000 - 0x00007ffa5561f000 	C:\WINDOWS\System32\KERNEL32.DLL
0x00007ffa54120000 - 0x00007ffa54416000 	C:\WINDOWS\System32\KERNELBASE.dll
0x00007ffa54640000 - 0x00007ffa54740000 	C:\WINDOWS\System32\ucrtbase.dll
0x00007ffa25630000 - 0x00007ffa25647000 	C:\Program Files\Eclipse Adoptium\jdk-17.0.8.101-hotspot\bin\jli.dll
0x00007ffa255c0000 - 0x00007ffa255d9000 	C:\Program Files\Eclipse Adoptium\jdk-17.0.8.101-hotspot\bin\VCRUNTIME140.dll
0x00007ffa56350000 - 0x00007ffa564ed000 	C:\WINDOWS\System32\USER32.dll
0x00007ffa540f0000 - 0x00007ffa54112000 	C:\WINDOWS\System32\win32u.dll
0x00007ffa55c70000 - 0x00007ffa55c9c000 	C:\WINDOWS\System32\GDI32.dll
0x00007ffa544b0000 - 0x00007ffa545c5000 	C:\WINDOWS\System32\gdi32full.dll
0x00007ffa54020000 - 0x00007ffa540bd000 	C:\WINDOWS\System32\msvcp_win.dll
0x00007ffa3f110000 - 0x00007ffa3f3aa000 	C:\WINDOWS\WinSxS\amd64_microsoft.windows.common-controls_6595b64144ccf1df_6.0.19041.1110_none_60b5254171f9507e\COMCTL32.dll
0x00007ffa564f0000 - 0x00007ffa5658e000 	C:\WINDOWS\System32\msvcrt.dll
0x00007ffa55c40000 - 0x00007ffa55c70000 	C:\WINDOWS\System32\IMM32.DLL
0x00007ffa4d730000 - 0x00007ffa4d73c000 	C:\Program Files\Eclipse Adoptium\jdk-17.0.8.101-hotspot\bin\vcruntime140_1.dll
0x00007ff9f4fe0000 - 0x00007ff9f5071000 	C:\Program Files\Eclipse Adoptium\jdk-17.0.8.101-hotspot\bin\msvcp140.dll
0x00007ff9df920000 - 0x00007ff9e056c000 	C:\Program Files\Eclipse Adoptium\jdk-17.0.8.101-hotspot\bin\server\jvm.dll
0x00007ffa554b0000 - 0x00007ffa5555f000 	C:\WINDOWS\System32\ADVAPI32.dll
0x00007ffa55620000 - 0x00007ffa556bc000 	C:\WINDOWS\System32\sechost.dll
0x00007ffa556c0000 - 0x00007ffa557e6000 	C:\WINDOWS\System32\RPCRT4.dll
0x00007ffa53590000 - 0x00007ffa535db000 	C:\WINDOWS\SYSTEM32\POWRPROF.dll
0x00007ffa3f3e0000 - 0x00007ffa3f3e9000 	C:\WINDOWS\SYSTEM32\WSOCK32.dll
0x00007ffa56740000 - 0x00007ffa567ab000 	C:\WINDOWS\System32\WS2_32.dll
0x00007ffa496b0000 - 0x00007ffa496d7000 	C:\WINDOWS\SYSTEM32\WINMM.dll
0x00007ffa4e910000 - 0x00007ffa4e91a000 	C:\WINDOWS\SYSTEM32\VERSION.dll
0x00007ffa53450000 - 0x00007ffa53462000 	C:\WINDOWS\SYSTEM32\UMPDC.dll
0x00007ffa51ef0000 - 0x00007ffa51f02000 	C:\WINDOWS\SYSTEM32\kernel.appcore.dll
0x00007ffa3b800000 - 0x00007ffa3b80a000 	C:\Program Files\Eclipse Adoptium\jdk-17.0.8.101-hotspot\bin\jimage.dll
0x00007ffa39dc0000 - 0x00007ffa39fa4000 	C:\WINDOWS\SYSTEM32\DBGHELP.DLL
0x00007ffa3f6f0000 - 0x00007ffa3f724000 	C:\WINDOWS\SYSTEM32\dbgcore.DLL
0x00007ffa54420000 - 0x00007ffa544a2000 	C:\WINDOWS\System32\bcryptPrimitives.dll
0x00007ffa4fce0000 - 0x00007ffa4fcee000 	C:\Program Files\Eclipse Adoptium\jdk-17.0.8.101-hotspot\bin\instrument.dll
0x00007ffa25590000 - 0x00007ffa255b5000 	C:\Program Files\Eclipse Adoptium\jdk-17.0.8.101-hotspot\bin\java.dll
0x00007ffa0ee60000 - 0x00007ffa0ef36000 	C:\Program Files\Eclipse Adoptium\jdk-17.0.8.101-hotspot\bin\jsvml.dll
0x00007ffa54d00000 - 0x00007ffa55444000 	C:\WINDOWS\System32\SHELL32.dll
0x00007ffa520f0000 - 0x00007ffa52883000 	C:\WINDOWS\SYSTEM32\windows.storage.dll
0x00007ffa557f0000 - 0x00007ffa55b44000 	C:\WINDOWS\System32\combase.dll
0x00007ffa53a70000 - 0x00007ffa53a9e000 	C:\WINDOWS\SYSTEM32\Wldp.dll
0x00007ffa562a0000 - 0x00007ffa5634d000 	C:\WINDOWS\System32\SHCORE.dll
0x00007ffa56190000 - 0x00007ffa561e5000 	C:\WINDOWS\System32\shlwapi.dll
0x00007ffa53f60000 - 0x00007ffa53f7f000 	C:\WINDOWS\SYSTEM32\profapi.dll
0x00007ffa25670000 - 0x00007ffa25688000 	C:\Program Files\Eclipse Adoptium\jdk-17.0.8.101-hotspot\bin\zip.dll
0x00007ffa256b0000 - 0x00007ffa256c9000 	C:\Program Files\Eclipse Adoptium\jdk-17.0.8.101-hotspot\bin\net.dll
0x00007ffa4af20000 - 0x00007ffa4b02a000 	C:\WINDOWS\SYSTEM32\WINHTTP.dll
0x00007ffa537d0000 - 0x00007ffa5383a000 	C:\WINDOWS\system32\mswsock.dll
0x00007ffa25690000 - 0x00007ffa256a5000 	C:\Program Files\Eclipse Adoptium\jdk-17.0.8.101-hotspot\bin\nio.dll
0x00007ffa4df60000 - 0x00007ffa4df7a000 	C:\Program Files\JetBrains\IntelliJ IDEA Community Edition 2023.2.3\bin\breakgen64.dll
0x00007ffa4fcd0000 - 0x00007ffa4fcd9000 	C:\Program Files\Eclipse Adoptium\jdk-17.0.8.101-hotspot\bin\management.dll
0x00007ffa4f500000 - 0x00007ffa4f50b000 	C:\Program Files\Eclipse Adoptium\jdk-17.0.8.101-hotspot\bin\management_ext.dll
0x00007ffa54cf0000 - 0x00007ffa54cf8000 	C:\WINDOWS\System32\PSAPI.DLL
0x00007ffa393e0000 - 0x00007ffa393f0000 	C:\Program Files\Eclipse Adoptium\jdk-17.0.8.101-hotspot\bin\verify.dll

dbghelp: loaded successfully - version: 4.0.5 - missing functions: none
symbol engine: initialized successfully - sym options: 0x614 - pdb path: .;C:\Program Files\Eclipse Adoptium\jdk-17.0.8.101-hotspot\bin;C:\WINDOWS\SYSTEM32;C:\WINDOWS\WinSxS\amd64_microsoft.windows.common-controls_6595b64144ccf1df_6.0.19041.1110_none_60b5254171f9507e;C:\Program Files\Eclipse Adoptium\jdk-17.0.8.101-hotspot\bin\server;C:\Program Files\JetBrains\IntelliJ IDEA Community Edition 2023.2.3\bin

VM Arguments:
jvm_args: -javaagent:C:\Program Files\JetBrains\IntelliJ IDEA Community Edition 2023.2.3\lib\idea_rt.jar=49491:C:\Program Files\JetBrains\IntelliJ IDEA Community Edition 2023.2.3\bin -Dfile.encoding=UTF-8 
java_command: com.experis.course.springpizzeria.SpringPizzeriaApplication
java_class_path (initial): C:\Users\Nino\Desktop\Experis\spring-pizzeria\target\classes;C:\Users\Nino\.m2\repository\org\springframework\boot\spring-boot-starter-data-jpa\3.0.12\spring-boot-starter-data-jpa-3.0.12.jar;C:\Users\Nino\.m2\repository\org\springframework\boot\spring-boot-starter-aop\3.0.12\spring-boot-starter-aop-3.0.12.jar;C:\Users\Nino\.m2\repository\org\aspectj\aspectjweaver\1.9.20\aspectjweaver-1.9.20.jar;C:\Users\Nino\.m2\repository\org\springframework\boot\spring-boot-starter-jdbc\3.0.12\spring-boot-starter-jdbc-3.0.12.jar;C:\Users\Nino\.m2\repository\com\zaxxer\HikariCP\5.0.1\HikariCP-5.0.1.jar;C:\Users\Nino\.m2\repository\org\springframework\spring-jdbc\6.0.13\spring-jdbc-6.0.13.jar;C:\Users\Nino\.m2\repository\org\hibernate\orm\hibernate-core\6.1.7.Final\hibernate-core-6.1.7.Final.jar;C:\Users\Nino\.m2\repository\jakarta\persistence\jakarta.persistence-api\3.1.0\jakarta.persistence-api-3.1.0.jar;C:\Users\Nino\.m2\repository\jakarta\transaction\jakarta.transaction-api\2.0.1\jakarta.transaction-api-2.0.1.jar;C:\Users\Nino\.m2\repository\org\jboss\logging\jboss-logging\3.5.3.Final\jboss-logging-3.5.3.Final.jar;C:\Users\Nino\.m2\repository\org\hibernate\common\hibernate-commons-annotations\6.0.6.Final\hibernate-commons-annotations-6.0.6.Final.jar;C:\Users\Nino\.m2\repository\org\jboss\jandex\2.4.2.Final\jandex-2.4.2.Final.jar;C:\Users\Nino\.m2\repository\com\fasterxml\classmate\1.5.1\classmate-1.5.1.jar;C:\Users\Nino\.m2\repository\net\bytebuddy\byte-buddy\1.12.23\byte-buddy-1.12.23.jar;C:\Users\Nino\.m2\repository\org\glassfish\jaxb\jaxb-runtime\4.0.3\jaxb-runtime-4.0.3.jar;C:\Users\Nino\.m2\repository\org\glassfish\jaxb\jaxb-core\4.0.3\jaxb-core-4.0.3.jar;C:\Users\Nino\.m2\repository\org\eclipse\angus\angus-activation\2.0.1\angus-activation-2.0.1.jar;C:\Users\Nino\.m2\repository\org\glassfish\jaxb\txw2\4.0.3\txw2-4.0.3.jar;C:\Users\Nino\.m2\repository\com\sun\istack\istack-commons-runtime\4.1.2\istack-commons-runtime-4.1.2.jar;C:\Users\Nino\.m2\
Launcher Type: SUN_STANDARD

[Global flags]
     intx CICompilerCount                          = 3                                         {product} {ergonomic}
     uint ConcGCThreads                            = 1                                         {product} {ergonomic}
     uint G1ConcRefinementThreads                  = 4                                         {product} {ergonomic}
   size_t G1HeapRegionSize                         = 2097152                                   {product} {ergonomic}
    uintx GCDrainStackTargetSize                   = 64                                        {product} {ergonomic}
   size_t InitialHeapSize                          = 201326592                                 {product} {ergonomic}
   size_t MarkStackSize                            = 4194304                                   {product} {ergonomic}
   size_t MaxHeapSize                              = 3208642560                                {product} {ergonomic}
   size_t MaxNewSize                               = 1925185536                                {product} {ergonomic}
   size_t MinHeapDeltaBytes                        = 2097152                                   {product} {ergonomic}
   size_t MinHeapSize                              = 8388608                                   {product} {ergonomic}
    uintx NonNMethodCodeHeapSize                   = 5832780                                {pd product} {ergonomic}
    uintx NonProfiledCodeHeapSize                  = 122912730                              {pd product} {ergonomic}
    uintx ProfiledCodeHeapSize                     = 122912730                              {pd product} {ergonomic}
    uintx ReservedCodeCacheSize                    = 251658240                              {pd product} {ergonomic}
     bool SegmentedCodeCache                       = true                                      {product} {ergonomic}
   size_t SoftMaxHeapSize                          = 3208642560                             {manageable} {ergonomic}
     bool UseCompressedClassPointers               = true                           {product lp64_product} {ergonomic}
     bool UseCompressedOops                        = true                           {product lp64_product} {ergonomic}
     bool UseG1GC                                  = true                                      {product} {ergonomic}
     bool UseLargePagesIndividualAllocation        = false                                  {pd product} {ergonomic}

Logging:
Log output configuration:
 #0: stdout all=warning uptime,level,tags
 #1: stderr all=off uptime,level,tags

Environment Variables:
PATH=C:\Program Files\Eclipse Adoptium\jdk-17.0.8.101-hotspot\bin;c:\windows\system32;c:\windows;c:\windows\system32\wbem;c:\windows\system32\windowspowershell\v1.0\;c:\windows\system32\openssh\;C:\Program Files (x86)\NVIDIA Corporation\PhysX\Common;C:\Program Files (x86)\dotnet\;C:\MAMP\bin\php\php8.1.0;C:\ProgramData\ComposerSetup\bin;C:\Program Files\Git\cmd;C:\Program Files\nodejs\;C:\Users\Nino\AppData\Local\Microsoft\WindowsApps;;C:\Users\Nino\AppData\Local\Programs\Microsoft VS Code\bin;C:\Users\Nino\AppData\Roaming\Composer\vendor\bin;C:\Users\Nino\AppData\Roaming\npm
USERNAME=Nino
OS=Windows_NT
PROCESSOR_IDENTIFIER=Intel64 Family 6 Model 58 Stepping 9, GenuineIntel
TMP=C:\Users\Nino\AppData\Local\Temp
TEMP=C:\Users\Nino\AppData\Local\Temp



---------------  S Y S T E M  ---------------

OS:
 Windows 10 , 64 bit Build 19041 (10.0.19041.3031)
OS uptime: 4 days 6:29 hours

CPU: total 4 (initial active 4) (4 cores per cpu, 1 threads per core) family 6 model 58 stepping 9 microcode 0x21, cx8, cmov, fxsr, mmx, sse, sse2, sse3, ssse3, sse4.1, sse4.2, popcnt, tsc, tscinvbit, avx, aes, erms, clmul, vzeroupper, clflush
Processor Information for all 4 processors :
  Max Mhz: 3401, Current Mhz: 3401, Mhz Limit: 3401

Memory: 4k page, system-wide physical 12232M (3816M free)
TotalPageFile size 14280M (AvailPageFile size 4M)
current process WorkingSet (physical memory assigned to process): 138M, peak: 139M
current process commit charge ("private bytes"): 323M, peak: 327M

vm_info: OpenJDK 64-Bit Server VM (17.0.8.1+1) for windows-amd64 JRE (17.0.8.1+1), built on Aug 23 2023 15:29:17 by "admin" with MS VC++ 16.7 (VS2019)

END.
