#
# There is insufficient memory for the Java Runtime Environment to continue.
# Native memory allocation (mmap) failed to map 201326592 bytes for G1 virtual space
# Possible reasons:
#   The system is out of physical RAM or swap space
#   The process is running with CompressedOops enabled, and the Java Heap may be blocking the growth of the native heap
# Possible solutions:
#   Reduce memory load on the system
#   Increase physical memory or swap space
#   Check if swap backing store is full
#   Decrease Java heap size (-Xmx/-Xms)
#   Decrease number of Java threads
#   Decrease Java thread stack sizes (-Xss)
#   Set larger code cache with -XX:ReservedCodeCacheSize=
#   JVM is running with Zero Based Compressed Oops mode in which the Java heap is
#     placed in the first 32GB address space. The Java Heap base address is the
#     maximum limit for the native heap growth. Please use -XX:HeapBaseMinAddress
#     to set the Java Heap base and to place the Java Heap above 32GB virtual address.
# This output file may be truncated or incomplete.
#
#  Out of Memory Error (os_windows.cpp:3829), pid=9860, tid=18832
#
# JRE version:  (17.0.8.1+7) (build )
# Java VM: OpenJDK 64-Bit Server VM (17.0.8.1+7-b1000.32, mixed mode, sharing, tiered, compressed oops, compressed class ptrs, g1 gc, windows-amd64)
# No core dump will be written. Minidumps are not enabled by default on client versions of Windows
#

---------------  S U M M A R Y ------------

Command Line: git4idea.http.GitAskPassApp Username for 'https://github.com': 

Host: Intel(R) Core(TM) i5-3570 CPU @ 3.40GHz, 4 cores, 11G,  Windows 10 , 64 bit Build 19041 (10.0.19041.3031)
Time: Tue Nov 14 15:27:15 2023 ora solare Europa occidentale elapsed time: 0.013751 seconds (0d 0h 0m 0s)

---------------  T H R E A D  ---------------

Current thread (0x0000023741f89040):  JavaThread "Unknown thread" [_thread_in_vm, id=18832, stack(0x000000fc25a00000,0x000000fc25b00000)]

Stack: [0x000000fc25a00000,0x000000fc25b00000]
Native frames: (J=compiled Java code, j=interpreted, Vv=VM code, C=native code)
V  [jvm.dll+0x6852da]
V  [jvm.dll+0x844c84]
V  [jvm.dll+0x84659e]
V  [jvm.dll+0x846c03]
V  [jvm.dll+0x24b7cf]
V  [jvm.dll+0x682049]
V  [jvm.dll+0x67671a]
V  [jvm.dll+0x30be2b]
V  [jvm.dll+0x3132d6]
V  [jvm.dll+0x36302e]
V  [jvm.dll+0x36325f]
V  [jvm.dll+0x2e1f48]
V  [jvm.dll+0x2e2eb4]
V  [jvm.dll+0x815c11]
V  [jvm.dll+0x370df1]
V  [jvm.dll+0x7f4fdc]
V  [jvm.dll+0x3f3f1f]
V  [jvm.dll+0x3f5b31]
C  [jli.dll+0x528f]
C  [ucrtbase.dll+0x21bb2]
C  [KERNEL32.DLL+0x17614]
C  [ntdll.dll+0x526f1]


---------------  P R O C E S S  ---------------

Threads class SMR info:
_java_thread_list=0x00007ffc198d00d8, length=0, elements={
}

Java Threads: ( => current thread )

Other Threads:
  0x0000023741fdfb10 GCTaskThread "GC Thread#0" [stack: 0x000000fc25b00000,0x000000fc25c00000] [id=6296]
  0x0000023741fec9b0 ConcurrentGCThread "G1 Main Marker" [stack: 0x000000fc25c00000,0x000000fc25d00000] [id=10824]
  0x0000023741fedb60 ConcurrentGCThread "G1 Conc#0" [stack: 0x000000fc25d00000,0x000000fc25e00000] [id=21896]

[error occurred during error reporting (printing all threads), id 0xc0000005, EXCEPTION_ACCESS_VIOLATION (0xc0000005) at pc=0x00007ffc19082ab7]

VM state: not at safepoint (not fully initialized)

VM Mutex/Monitor currently owned by a thread:  ([mutex/lock_event])
[0x0000023741f827f0] Heap_lock - owner thread: 0x0000023741f89040

Heap address: 0x0000000740c00000, size: 3060 MB, Compressed Oops mode: Zero based, Oop shift amount: 3

CDS archive(s) mapped at: [0x0000000000000000-0x0000000000000000-0x0000000000000000), size 0, SharedBaseAddress: 0x0000000800000000, ArchiveRelocationMode: 1.
Narrow klass base: 0x0000000000000000, Narrow klass shift: 0, Narrow klass range: 0x0

GC Precious Log:
<Empty>

Heap:
 garbage-first heap   total 0K, used 0K [0x0000000740c00000, 0x0000000800000000)
  region size 2048K, 0 young (0K), 0 survivors (0K)
 Metaspace       used 0K, committed 0K, reserved 0K
  class space    used 0K, committed 0K, reserved 0K

Heap Regions: E=young(eden), S=young(survivor), O=old, HS=humongous(starts), HC=humongous(continues), CS=collection set, F=free, OA=open archive, CA=closed archive, TAMS=top-at-mark-start (previous, next)

Card table byte_map: [0x0000023756b10000,0x0000023757110000] _byte_map_base: 0x000002375310a000

Marking Bits (Prev, Next): (CMBitMap*) 0x0000023741fe0140, (CMBitMap*) 0x0000023741fe0180
 Prev Bits: [0x0000023757710000, 0x000002375a6e0000)
 Next Bits: [0x000002375a6e0000, 0x000002375d6b0000)

GC Heap History (0 events):
No events

Dll operation events (1 events):
Event: 0.007 Loaded shared library C:\Program Files\JetBrains\IntelliJ IDEA Community Edition 2023.2.3\jbr\bin\java.dll

Deoptimization events (0 events):
No events

Classes unloaded (0 events):
No events

Classes redefined (0 events):
No events

Internal exceptions (0 events):
No events

VM Operations (0 events):
No events

Events (0 events):
No events


Dynamic libraries:
0x00007ff659ad0000 - 0x00007ff659ada000 	C:\Program Files\JetBrains\IntelliJ IDEA Community Edition 2023.2.3\jbr\bin\java.exe
0x00007ffc9d7f0000 - 0x00007ffc9d9e8000 	C:\WINDOWS\SYSTEM32\ntdll.dll
0x00007ffc9d5a0000 - 0x00007ffc9d65f000 	C:\WINDOWS\System32\KERNEL32.DLL
0x00007ffc9b0d0000 - 0x00007ffc9b3c6000 	C:\WINDOWS\System32\KERNELBASE.dll
0x00007ffc9afd0000 - 0x00007ffc9b0d0000 	C:\WINDOWS\System32\ucrtbase.dll
0x00007ffc74020000 - 0x00007ffc74037000 	C:\Program Files\JetBrains\IntelliJ IDEA Community Edition 2023.2.3\jbr\bin\jli.dll
0x00007ffc9ce00000 - 0x00007ffc9cf9d000 	C:\WINDOWS\System32\USER32.dll
0x00007ffc9af30000 - 0x00007ffc9af52000 	C:\WINDOWS\System32\win32u.dll
0x00007ffc9bf10000 - 0x00007ffc9bf3c000 	C:\WINDOWS\System32\GDI32.dll
0x00007ffc9b5e0000 - 0x00007ffc9b6f5000 	C:\WINDOWS\System32\gdi32full.dll
0x00007ffc9b3d0000 - 0x00007ffc9b46d000 	C:\WINDOWS\System32\msvcp_win.dll
0x00007ffc86500000 - 0x00007ffc8679a000 	C:\WINDOWS\WinSxS\amd64_microsoft.windows.common-controls_6595b64144ccf1df_6.0.19041.1110_none_60b5254171f9507e\COMCTL32.dll
0x00007ffc9cfa0000 - 0x00007ffc9d03e000 	C:\WINDOWS\System32\msvcrt.dll
0x00007ffc78220000 - 0x00007ffc7823b000 	C:\Program Files\JetBrains\IntelliJ IDEA Community Edition 2023.2.3\jbr\bin\VCRUNTIME140.dll
0x00007ffc9bd10000 - 0x00007ffc9bd40000 	C:\WINDOWS\System32\IMM32.DLL
0x00007ffc96100000 - 0x00007ffc9610c000 	C:\Program Files\JetBrains\IntelliJ IDEA Community Edition 2023.2.3\jbr\bin\vcruntime140_1.dll
0x00007ffc64f00000 - 0x00007ffc64f8d000 	C:\Program Files\JetBrains\IntelliJ IDEA Community Edition 2023.2.3\jbr\bin\msvcp140.dll
0x00007ffc18d90000 - 0x00007ffc19a13000 	C:\Program Files\JetBrains\IntelliJ IDEA Community Edition 2023.2.3\jbr\bin\server\jvm.dll
0x00007ffc9ba20000 - 0x00007ffc9bacf000 	C:\WINDOWS\System32\ADVAPI32.dll
0x00007ffc9bd40000 - 0x00007ffc9bddc000 	C:\WINDOWS\System32\sechost.dll
0x00007ffc9bde0000 - 0x00007ffc9bf06000 	C:\WINDOWS\System32\RPCRT4.dll
0x00007ffc9a4a0000 - 0x00007ffc9a4eb000 	C:\WINDOWS\SYSTEM32\POWRPROF.dll
0x00007ffc90690000 - 0x00007ffc906b7000 	C:\WINDOWS\SYSTEM32\WINMM.dll
0x00007ffc96140000 - 0x00007ffc96149000 	C:\WINDOWS\SYSTEM32\WSOCK32.dll
0x00007ffc95350000 - 0x00007ffc9535a000 	C:\WINDOWS\SYSTEM32\VERSION.dll
0x00007ffc9bca0000 - 0x00007ffc9bd0b000 	C:\WINDOWS\System32\WS2_32.dll
0x00007ffc9a360000 - 0x00007ffc9a372000 	C:\WINDOWS\SYSTEM32\UMPDC.dll
0x00007ffc98e00000 - 0x00007ffc98e12000 	C:\WINDOWS\SYSTEM32\kernel.appcore.dll
0x00007ffc932a0000 - 0x00007ffc932aa000 	C:\Program Files\JetBrains\IntelliJ IDEA Community Edition 2023.2.3\jbr\bin\jimage.dll
0x00007ffc85550000 - 0x00007ffc85734000 	C:\WINDOWS\SYSTEM32\DBGHELP.DLL
0x00007ffc8e590000 - 0x00007ffc8e5c4000 	C:\WINDOWS\SYSTEM32\dbgcore.DLL
0x00007ffc9b4a0000 - 0x00007ffc9b522000 	C:\WINDOWS\System32\bcryptPrimitives.dll
0x00007ffc78170000 - 0x00007ffc78195000 	C:\Program Files\JetBrains\IntelliJ IDEA Community Edition 2023.2.3\jbr\bin\java.dll

dbghelp: loaded successfully - version: 4.0.5 - missing functions: none
symbol engine: initialized successfully - sym options: 0x614 - pdb path: .;C:\Program Files\JetBrains\IntelliJ IDEA Community Edition 2023.2.3\jbr\bin;C:\WINDOWS\SYSTEM32;C:\WINDOWS\WinSxS\amd64_microsoft.windows.common-controls_6595b64144ccf1df_6.0.19041.1110_none_60b5254171f9507e;C:\Program Files\JetBrains\IntelliJ IDEA Community Edition 2023.2.3\jbr\bin\server

VM Arguments:
java_command: git4idea.http.GitAskPassApp Username for 'https://github.com': 
java_class_path (initial): C:/Program Files/JetBrains/IntelliJ IDEA Community Edition 2023.2.3/plugins/vcs-git/lib/git4idea-rt.jar;C:/Program Files/JetBrains/IntelliJ IDEA Community Edition 2023.2.3/lib/externalProcess-rt.jar
Launcher Type: SUN_STANDARD

[Global flags]
     intx CICompilerCount                          = 3                                         {product} {ergonomic}
     uint ConcGCThreads                            = 1                                         {product} {ergonomic}
     uint G1ConcRefinementThreads                  = 4                                         {product} {ergonomic}
   size_t G1HeapRegionSize                         = 2097152                                   {product} {ergonomic}
    uintx GCDrainStackTargetSize                   = 64                                        {product} {ergonomic}
   size_t InitialHeapSize                          = 201326592                                 {product} {ergonomic}
   size_t MarkStackSize                            = 4194304                                   {product} {ergonomic}
   size_t MaxHeapSize                              = 3208642560                                {product} {ergonomic}
   size_t MinHeapDeltaBytes                        = 2097152                                   {product} {ergonomic}
   size_t MinHeapSize                              = 8388608                                   {product} {ergonomic}
    uintx NonNMethodCodeHeapSize                   = 5832780                                {pd product} {ergonomic}
    uintx NonProfiledCodeHeapSize                  = 122912730                              {pd product} {ergonomic}
    uintx ProfiledCodeHeapSize                     = 122912730                              {pd product} {ergonomic}
    uintx ReservedCodeCacheSize                    = 251658240                              {pd product} {ergonomic}
     bool SegmentedCodeCache                       = true                                      {product} {ergonomic}
   size_t SoftMaxHeapSize                          = 3208642560                             {manageable} {ergonomic}
     bool UseCompressedClassPointers               = true                           {product lp64_product} {ergonomic}
     bool UseCompressedOops                        = true                           {product lp64_product} {ergonomic}
     bool UseG1GC                                  = true                                      {product} {ergonomic}
     bool UseLargePagesIndividualAllocation        = false                                  {pd product} {ergonomic}

Logging:
Log output configuration:
 #0: stdout all=warning uptime,level,tags
 #1: stderr all=off uptime,level,tags

Environment Variables:
PATH=C:\Program Files\Git\mingw64\libexec\git-core;C:\Program Files\Git\mingw64\libexec\git-core;C:\Program Files\Git\mingw64\bin;C:\Program Files\Git\usr\bin;C:\Users\Nino\bin;C:\Program Files\Eclipse Adoptium\jdk-17.0.8.101-hotspot\bin;C:\windows\system32;C:\windows;C:\windows\system32\wbem;C:\windows\system32\windowspowershell\v1.0;C:\windows\system32\openssh;C:\Program Files (x86)\NVIDIA Corporation\PhysX\Common;C:\Program Files (x86)\dotnet;C:\MAMP\bin\php\php8.1.0;C:\ProgramData\ComposerSetup\bin;C:\Program Files\Git\cmd;C:\Program Files\nodejs;C:\Users\Nino\AppData\Local\Microsoft\WindowsApps;C:\Users\Nino\AppData\Local\Programs\Microsoft VS Code\bin;C:\Users\Nino\AppData\Roaming\Composer\vendor\bin;C:\Users\Nino\AppData\Roaming\npm
USERNAME=Nino
DISPLAY=:0.0
LC_ALL=en_US.UTF-8
TERM=xterm-256color
TMPDIR=C:\Users\Nino\AppData\Local\Temp
OS=Windows_NT
PROCESSOR_IDENTIFIER=Intel64 Family 6 Model 58 Stepping 9, GenuineIntel
TMP=C:\Users\Nino\AppData\Local\Temp
TEMP=C:\Users\Nino\AppData\Local\Temp


JNI global refs:
JNI global refs: 0, weak refs: 0

JNI global refs memory usage: 0, weak refs: 0

OOME stack traces (most recent first):
Classloader memory used:


---------------  S Y S T E M  ---------------

OS:
 Windows 10 , 64 bit Build 19041 (10.0.19041.3031)
OS uptime: 10 days 0:10 hours

CPU: total 4 (initial active 4) (4 cores per cpu, 1 threads per core) family 6 model 58 stepping 9 microcode 0x21, cx8, cmov, fxsr, mmx, sse, sse2, sse3, ssse3, sse4.1, sse4.2, popcnt, tsc, tscinvbit, avx, aes, erms, clmul, vzeroupper, clflush
Processor Information for all 4 processors :
  Max Mhz: 3401, Current Mhz: 3401, Mhz Limit: 3401

Memory: 4k page, system-wide physical 12232M (4061M free)
TotalPageFile size 14275M (AvailPageFile size 125M)
current process WorkingSet (physical memory assigned to process): 10M, peak: 10M
current process commit charge ("private bytes"): 51M, peak: 243M

vm_info: OpenJDK 64-Bit Server VM (17.0.8.1+7-b1000.32) for windows-amd64 JRE (17.0.8.1+7-b1000.32), built on 2023-09-15 by "builduser" with MS VC++ 16.10 / 16.11 (VS2019)

END.
