#
# There is insufficient memory for the Java Runtime Environment to continue.
# Native memory allocation (mmap) failed to map 201326592 bytes for G1 virtual space
# Possible reasons:
#   The system is out of physical RAM or swap space
#   The process is running with CompressedOops enabled, and the Java Heap may be blocking the growth of the native heap
# Possible solutions:
#   Reduce memory load on the system
#   Increase physical memory or swap space
#   Check if swap backing store is full
#   Decrease Java heap size (-Xmx/-Xms)
#   Decrease number of Java threads
#   Decrease Java thread stack sizes (-Xss)
#   Set larger code cache with -XX:ReservedCodeCacheSize=
#   JVM is running with Zero Based Compressed Oops mode in which the Java heap is
#     placed in the first 32GB address space. The Java Heap base address is the
#     maximum limit for the native heap growth. Please use -XX:HeapBaseMinAddress
#     to set the Java Heap base and to place the Java Heap above 32GB virtual address.
# This output file may be truncated or incomplete.
#
#  Out of Memory Error (os_windows.cpp:3829), pid=8604, tid=16496
#
# JRE version:  (17.0.8.1+7) (build )
# Java VM: OpenJDK 64-Bit Server VM (17.0.8.1+7-b1000.32, mixed mode, sharing, tiered, compressed oops, compressed class ptrs, g1 gc, windows-amd64)
# No core dump will be written. Minidumps are not enabled by default on client versions of Windows
#

---------------  S U M M A R Y ------------

Command Line: git4idea.http.GitAskPassApp Username for 'https://github.com': 

Host: Intel(R) Core(TM) i5-3570 CPU @ 3.40GHz, 4 cores, 11G,  Windows 10 , 64 bit Build 19041 (10.0.19041.3031)
Time: Mon Nov 20 15:36:13 2023 ora solare Europa occidentale elapsed time: 0.019862 seconds (0d 0h 0m 0s)

---------------  T H R E A D  ---------------

Current thread (0x000002ddc262a3d0):  JavaThread "Unknown thread" [_thread_in_vm, id=16496, stack(0x000000f4d0800000,0x000000f4d0900000)]

Stack: [0x000000f4d0800000,0x000000f4d0900000]
Native frames: (J=compiled Java code, j=interpreted, Vv=VM code, C=native code)
V  [jvm.dll+0x6852da]
V  [jvm.dll+0x844c84]
V  [jvm.dll+0x84659e]
V  [jvm.dll+0x846c03]
V  [jvm.dll+0x24b7cf]
V  [jvm.dll+0x682049]
V  [jvm.dll+0x67671a]
V  [jvm.dll+0x30be2b]
V  [jvm.dll+0x3132d6]
V  [jvm.dll+0x36302e]
V  [jvm.dll+0x36325f]
V  [jvm.dll+0x2e1f48]
V  [jvm.dll+0x2e2eb4]
V  [jvm.dll+0x815c11]
V  [jvm.dll+0x370df1]
V  [jvm.dll+0x7f4fdc]
V  [jvm.dll+0x3f3f1f]
V  [jvm.dll+0x3f5b31]
C  [jli.dll+0x528f]
C  [ucrtbase.dll+0x21bb2]
C  [KERNEL32.DLL+0x17614]
C  [ntdll.dll+0x526f1]


---------------  P R O C E S S  ---------------

Threads class SMR info:
_java_thread_list=0x00007ff9e10b00d8, length=0, elements={
}

Java Threads: ( => current thread )

Other Threads:
  0x000002ddc2680ea0 GCTaskThread "GC Thread#0" [stack: 0x000000f4d0900000,0x000000f4d0a00000] [id=6296]
  0x000002ddc268dd30 ConcurrentGCThread "G1 Main Marker" [stack: 0x000000f4d0a00000,0x000000f4d0b00000] [id=264]
  0x000002ddc268f750 ConcurrentGCThread "G1 Conc#0" [stack: 0x000000f4d0b00000,0x000000f4d0c00000] [id=2500]

[error occurred during error reporting (printing all threads), id 0xc0000005, EXCEPTION_ACCESS_VIOLATION (0xc0000005) at pc=0x00007ff9e0862ab7]

VM state: not at safepoint (not fully initialized)

VM Mutex/Monitor currently owned by a thread:  ([mutex/lock_event])
[0x000002ddc2623b40] Heap_lock - owner thread: 0x000002ddc262a3d0

Heap address: 0x0000000740c00000, size: 3060 MB, Compressed Oops mode: Zero based, Oop shift amount: 3

CDS archive(s) mapped at: [0x0000000000000000-0x0000000000000000-0x0000000000000000), size 0, SharedBaseAddress: 0x0000000800000000, ArchiveRelocationMode: 1.
Narrow klass base: 0x0000000000000000, Narrow klass shift: 0, Narrow klass range: 0x0

GC Precious Log:
<Empty>

Heap:
 garbage-first heap   total 0K, used 0K [0x0000000740c00000, 0x0000000800000000)
  region size 2048K, 0 young (0K), 0 survivors (0K)
 Metaspace       used 0K, committed 0K, reserved 0K
  class space    used 0K, committed 0K, reserved 0K

Heap Regions: E=young(eden), S=young(survivor), O=old, HS=humongous(starts), HC=humongous(continues), CS=collection set, F=free, OA=open archive, CA=closed archive, TAMS=top-at-mark-start (previous, next)

Card table byte_map: [0x000002ddd71d0000,0x000002ddd77d0000] _byte_map_base: 0x000002ddd37ca000

Marking Bits (Prev, Next): (CMBitMap*) 0x000002ddc26814c0, (CMBitMap*) 0x000002ddc2681500
 Prev Bits: [0x000002ddd7dd0000, 0x000002dddada0000)
 Next Bits: [0x000002dddada0000, 0x000002ddddd70000)

GC Heap History (0 events):
No events

Dll operation events (1 events):
Event: 0.012 Loaded shared library C:\Program Files\JetBrains\IntelliJ IDEA Community Edition 2023.2.3\jbr\bin\java.dll

Deoptimization events (0 events):
No events

Classes unloaded (0 events):
No events

Classes redefined (0 events):
No events

Internal exceptions (0 events):
No events

VM Operations (0 events):
No events

Events (0 events):
No events


Dynamic libraries:
0x00007ff6feef0000 - 0x00007ff6feefa000 	C:\Program Files\JetBrains\IntelliJ IDEA Community Edition 2023.2.3\jbr\bin\java.exe
0x00007ffa568b0000 - 0x00007ffa56aa8000 	C:\WINDOWS\SYSTEM32\ntdll.dll
0x00007ffa55560000 - 0x00007ffa5561f000 	C:\WINDOWS\System32\KERNEL32.DLL
0x00007ffa54120000 - 0x00007ffa54416000 	C:\WINDOWS\System32\KERNELBASE.dll
0x00007ffa54640000 - 0x00007ffa54740000 	C:\WINDOWS\System32\ucrtbase.dll
0x00007ff9f09a0000 - 0x00007ff9f09b7000 	C:\Program Files\JetBrains\IntelliJ IDEA Community Edition 2023.2.3\jbr\bin\jli.dll
0x00007ffa56350000 - 0x00007ffa564ed000 	C:\WINDOWS\System32\USER32.dll
0x00007ffa540f0000 - 0x00007ffa54112000 	C:\WINDOWS\System32\win32u.dll
0x00007ffa4d880000 - 0x00007ffa4d89b000 	C:\Program Files\JetBrains\IntelliJ IDEA Community Edition 2023.2.3\jbr\bin\VCRUNTIME140.dll
0x00007ffa3f110000 - 0x00007ffa3f3aa000 	C:\WINDOWS\WinSxS\amd64_microsoft.windows.common-controls_6595b64144ccf1df_6.0.19041.1110_none_60b5254171f9507e\COMCTL32.dll
0x00007ffa55c70000 - 0x00007ffa55c9c000 	C:\WINDOWS\System32\GDI32.dll
0x00007ffa544b0000 - 0x00007ffa545c5000 	C:\WINDOWS\System32\gdi32full.dll
0x00007ffa564f0000 - 0x00007ffa5658e000 	C:\WINDOWS\System32\msvcrt.dll
0x00007ffa54020000 - 0x00007ffa540bd000 	C:\WINDOWS\System32\msvcp_win.dll
0x00007ffa55c40000 - 0x00007ffa55c70000 	C:\WINDOWS\System32\IMM32.DLL
0x00007ffa4fc60000 - 0x00007ffa4fc6c000 	C:\Program Files\JetBrains\IntelliJ IDEA Community Edition 2023.2.3\jbr\bin\vcruntime140_1.dll
0x00007ffa35ec0000 - 0x00007ffa35f4d000 	C:\Program Files\JetBrains\IntelliJ IDEA Community Edition 2023.2.3\jbr\bin\msvcp140.dll
0x00007ff9e0570000 - 0x00007ff9e11f3000 	C:\Program Files\JetBrains\IntelliJ IDEA Community Edition 2023.2.3\jbr\bin\server\jvm.dll
0x00007ffa554b0000 - 0x00007ffa5555f000 	C:\WINDOWS\System32\ADVAPI32.dll
0x00007ffa55620000 - 0x00007ffa556bc000 	C:\WINDOWS\System32\sechost.dll
0x00007ffa556c0000 - 0x00007ffa557e6000 	C:\WINDOWS\System32\RPCRT4.dll
0x00007ffa53590000 - 0x00007ffa535db000 	C:\WINDOWS\SYSTEM32\POWRPROF.dll
0x00007ffa3f3e0000 - 0x00007ffa3f3e9000 	C:\WINDOWS\SYSTEM32\WSOCK32.dll
0x00007ffa56740000 - 0x00007ffa567ab000 	C:\WINDOWS\System32\WS2_32.dll
0x00007ffa496b0000 - 0x00007ffa496d7000 	C:\WINDOWS\SYSTEM32\WINMM.dll
0x00007ffa4e910000 - 0x00007ffa4e91a000 	C:\WINDOWS\SYSTEM32\VERSION.dll
0x00007ffa53450000 - 0x00007ffa53462000 	C:\WINDOWS\SYSTEM32\UMPDC.dll
0x00007ffa51ef0000 - 0x00007ffa51f02000 	C:\WINDOWS\SYSTEM32\kernel.appcore.dll
0x00007ffa3e240000 - 0x00007ffa3e24a000 	C:\Program Files\JetBrains\IntelliJ IDEA Community Edition 2023.2.3\jbr\bin\jimage.dll
0x00007ffa39dc0000 - 0x00007ffa39fa4000 	C:\WINDOWS\SYSTEM32\DBGHELP.DLL
0x00007ffa3f6f0000 - 0x00007ffa3f724000 	C:\WINDOWS\SYSTEM32\dbgcore.DLL
0x00007ffa54420000 - 0x00007ffa544a2000 	C:\WINDOWS\System32\bcryptPrimitives.dll
0x00007ff9f4330000 - 0x00007ff9f4355000 	C:\Program Files\JetBrains\IntelliJ IDEA Community Edition 2023.2.3\jbr\bin\java.dll

dbghelp: loaded successfully - version: 4.0.5 - missing functions: none
symbol engine: initialized successfully - sym options: 0x614 - pdb path: .;C:\Program Files\JetBrains\IntelliJ IDEA Community Edition 2023.2.3\jbr\bin;C:\WINDOWS\SYSTEM32;C:\WINDOWS\WinSxS\amd64_microsoft.windows.common-controls_6595b64144ccf1df_6.0.19041.1110_none_60b5254171f9507e;C:\Program Files\JetBrains\IntelliJ IDEA Community Edition 2023.2.3\jbr\bin\server

VM Arguments:
java_command: git4idea.http.GitAskPassApp Username for 'https://github.com': 
java_class_path (initial): C:/Program Files/JetBrains/IntelliJ IDEA Community Edition 2023.2.3/plugins/vcs-git/lib/git4idea-rt.jar;C:/Program Files/JetBrains/IntelliJ IDEA Community Edition 2023.2.3/lib/externalProcess-rt.jar
Launcher Type: SUN_STANDARD

[Global flags]
     intx CICompilerCount                          = 3                                         {product} {ergonomic}
     uint ConcGCThreads                            = 1                                         {product} {ergonomic}
     uint G1ConcRefinementThreads                  = 4                                         {product} {ergonomic}
   size_t G1HeapRegionSize                         = 2097152                                   {product} {ergonomic}
    uintx GCDrainStackTargetSize                   = 64                                        {product} {ergonomic}
   size_t InitialHeapSize                          = 201326592                                 {product} {ergonomic}
   size_t MarkStackSize                            = 4194304                                   {product} {ergonomic}
   size_t MaxHeapSize                              = 3208642560                                {product} {ergonomic}
   size_t MinHeapDeltaBytes                        = 2097152                                   {product} {ergonomic}
   size_t MinHeapSize                              = 8388608                                   {product} {ergonomic}
    uintx NonNMethodCodeHeapSize                   = 5832780                                {pd product} {ergonomic}
    uintx NonProfiledCodeHeapSize                  = 122912730                              {pd product} {ergonomic}
    uintx ProfiledCodeHeapSize                     = 122912730                              {pd product} {ergonomic}
    uintx ReservedCodeCacheSize                    = 251658240                              {pd product} {ergonomic}
     bool SegmentedCodeCache                       = true                                      {product} {ergonomic}
   size_t SoftMaxHeapSize                          = 3208642560                             {manageable} {ergonomic}
     bool UseCompressedClassPointers               = true                           {product lp64_product} {ergonomic}
     bool UseCompressedOops                        = true                           {product lp64_product} {ergonomic}
     bool UseG1GC                                  = true                                      {product} {ergonomic}
     bool UseLargePagesIndividualAllocation        = false                                  {pd product} {ergonomic}

Logging:
Log output configuration:
 #0: stdout all=warning uptime,level,tags
 #1: stderr all=off uptime,level,tags

Environment Variables:
PATH=C:\Program Files\Git\mingw64\libexec\git-core;C:\Program Files\Git\mingw64\libexec\git-core;C:\Program Files\Git\mingw64\bin;C:\Program Files\Git\usr\bin;C:\Users\Nino\bin;C:\Program Files\Eclipse Adoptium\jdk-17.0.8.101-hotspot\bin;C:\windows\system32;C:\windows;C:\windows\system32\wbem;C:\windows\system32\windowspowershell\v1.0;C:\windows\system32\openssh;C:\Program Files (x86)\NVIDIA Corporation\PhysX\Common;C:\Program Files (x86)\dotnet;C:\MAMP\bin\php\php8.1.0;C:\ProgramData\ComposerSetup\bin;C:\Program Files\Git\cmd;C:\Program Files\nodejs;C:\Users\Nino\AppData\Local\Microsoft\WindowsApps;C:\Users\Nino\AppData\Local\Programs\Microsoft VS Code\bin;C:\Users\Nino\AppData\Roaming\Composer\vendor\bin;C:\Users\Nino\AppData\Roaming\npm
USERNAME=Nino
DISPLAY=:0.0
LC_ALL=en_US.UTF-8
TERM=xterm-256color
TMPDIR=C:\Users\Nino\AppData\Local\Temp
OS=Windows_NT
PROCESSOR_IDENTIFIER=Intel64 Family 6 Model 58 Stepping 9, GenuineIntel
TMP=C:\Users\Nino\AppData\Local\Temp
TEMP=C:\Users\Nino\AppData\Local\Temp


JNI global refs:
JNI global refs: 0, weak refs: 0

JNI global refs memory usage: 0, weak refs: 0

OOME stack traces (most recent first):
Classloader memory used:


---------------  S Y S T E M  ---------------

OS:
 Windows 10 , 64 bit Build 19041 (10.0.19041.3031)
OS uptime: 4 days 6:53 hours

CPU: total 4 (initial active 4) (4 cores per cpu, 1 threads per core) family 6 model 58 stepping 9 microcode 0x21, cx8, cmov, fxsr, mmx, sse, sse2, sse3, ssse3, sse4.1, sse4.2, popcnt, tsc, tscinvbit, avx, aes, erms, clmul, vzeroupper, clflush
Processor Information for all 4 processors :
  Max Mhz: 3401, Current Mhz: 3401, Mhz Limit: 3401

Memory: 4k page, system-wide physical 12232M (3583M free)
TotalPageFile size 14280M (AvailPageFile size 155M)
current process WorkingSet (physical memory assigned to process): 10M, peak: 10M
current process commit charge ("private bytes"): 51M, peak: 243M

vm_info: OpenJDK 64-Bit Server VM (17.0.8.1+7-b1000.32) for windows-amd64 JRE (17.0.8.1+7-b1000.32), built on 2023-09-15 by "builduser" with MS VC++ 16.10 / 16.11 (VS2019)

END.
